TN:
SF:/Users/forge18/Repos/typedlua-lsp/src/analysis/symbol_index.rs
FN:85,SymbolIndex::new
FN:92,SymbolIndex::update_document
FN:118,SymbolIndex::clear_document
FN:142,SymbolIndex::index_exports
FN:204,SymbolIndex::index_imports
FN:329,SymbolIndex::index_workspace_symbols
FN:341,SymbolIndex::index_statement_symbols
FN:559,SymbolIndex::get_export
FN:565,SymbolIndex::get_importers
FN:573,SymbolIndex::get_imports
FN:582,SymbolIndex::search_workspace_symbols
FN:631,SymbolIndex::workspace_symbol_to_lsp
FN:659,SymbolIndex::get_declaration_export_name
FNF:13
FNDA:10,SymbolIndex::new
FNDA:0,SymbolIndex::update_document
FNDA:3,SymbolIndex::clear_document
FNDA:0,SymbolIndex::index_exports
FNDA:0,SymbolIndex::index_imports
FNDA:0,SymbolIndex::index_workspace_symbols
FNDA:0,SymbolIndex::index_statement_symbols
FNDA:7,SymbolIndex::get_export
FNDA:3,SymbolIndex::get_importers
FNDA:2,SymbolIndex::get_imports
FNDA:3,SymbolIndex::search_workspace_symbols
FNDA:0,SymbolIndex::workspace_symbol_to_lsp
FNDA:0,SymbolIndex::get_declaration_export_name
DA:85,10
DA:86,10
DA:92,0
DA:101,0
DA:104,0
DA:105,0
DA:108,0
DA:111,0
DA:114,0
DA:118,3
DA:120,6
DA:123,6
DA:126,6
DA:127,0
DA:131,6
DA:132,0
DA:135,6
DA:138,9
DA:142,0
DA:149,0
DA:150,0
DA:151,0
DA:152,0
DA:153,0
DA:154,0
DA:157,0
DA:159,0
DA:162,0
DA:163,0
DA:167,0
DA:170,0
DA:171,0
DA:172,0
DA:173,0
DA:175,0
DA:176,0
DA:179,0
DA:181,0
DA:184,0
DA:185,0
DA:188,0
DA:190,0
DA:191,0
DA:192,0
DA:195,0
DA:196,0
DA:204,0
DA:212,0
DA:213,0
DA:214,0
DA:217,0
DA:218,0
DA:220,0
DA:221,0
DA:222,0
DA:223,0
DA:224,0
DA:225,0
DA:227,0
DA:228,0
DA:231,0
DA:232,0
DA:233,0
DA:234,0
DA:238,0
DA:239,0
DA:240,0
DA:241,0
DA:244,0
DA:245,0
DA:246,0
DA:247,0
DA:250,0
DA:251,0
DA:253,0
DA:254,0
DA:255,0
DA:256,0
DA:259,0
DA:260,0
DA:261,0
DA:262,0
DA:264,0
DA:265,0
DA:266,0
DA:267,0
DA:269,0
DA:272,0
DA:275,0
DA:277,0
DA:279,0
DA:280,0
DA:281,0
DA:282,0
DA:285,0
DA:286,0
DA:287,0
DA:288,0
DA:290,0
DA:291,0
DA:292,0
DA:293,0
DA:296,0
DA:297,0
DA:298,0
DA:299,0
DA:301,0
DA:302,0
DA:305,0
DA:306,0
DA:307,0
DA:308,0
DA:311,0
DA:312,0
DA:313,0
DA:314,0
DA:316,0
DA:317,0
DA:318,0
DA:319,0
DA:329,0
DA:335,0
DA:336,0
DA:341,0
DA:351,0
DA:352,0
DA:353,0
DA:354,0
DA:356,0
DA:358,0
DA:359,0
DA:360,0
DA:362,0
DA:363,0
DA:364,0
DA:365,0
DA:368,0
DA:369,0
DA:371,0
DA:373,0
DA:374,0
DA:375,0
DA:377,0
DA:378,0
DA:379,0
DA:380,0
DA:382,0
DA:383,0
DA:385,0
DA:387,0
DA:388,0
DA:389,0
DA:391,0
DA:392,0
DA:393,0
DA:394,0
DA:397,0
DA:398,0
DA:399,0
DA:400,0
DA:402,0
DA:404,0
DA:405,0
DA:406,0
DA:408,0
DA:409,0
DA:410,0
DA:411,0
DA:413,0
DA:414,0
DA:416,0
DA:418,0
DA:419,0
DA:420,0
DA:422,0
DA:423,0
DA:424,0
DA:425,0
DA:427,0
DA:429,0
DA:431,0
DA:432,0
DA:433,0
DA:435,0
DA:436,0
DA:437,0
DA:438,0
DA:440,0
DA:441,0
DA:443,0
DA:445,0
DA:446,0
DA:447,0
DA:449,0
DA:450,0
DA:451,0
DA:452,0
DA:454,0
DA:455,0
DA:457,0
DA:459,0
DA:460,0
DA:461,0
DA:463,0
DA:464,0
DA:465,0
DA:466,0
DA:468,0
DA:469,0
DA:470,0
DA:471,0
DA:472,0
DA:473,0
DA:474,0
DA:475,0
DA:476,0
DA:477,0
DA:478,0
DA:479,0
DA:480,0
DA:481,0
DA:482,0
DA:483,0
DA:484,0
DA:485,0
DA:486,0
DA:487,0
DA:488,0
DA:489,0
DA:490,0
DA:491,0
DA:492,0
DA:493,0
DA:495,0
DA:497,0
DA:499,0
DA:500,0
DA:501,0
DA:503,0
DA:504,0
DA:505,0
DA:506,0
DA:511,0
DA:512,0
DA:514,0
DA:516,0
DA:517,0
DA:518,0
DA:520,0
DA:521,0
DA:522,0
DA:523,0
DA:525,0
DA:526,0
DA:528,0
DA:530,0
DA:531,0
DA:532,0
DA:534,0
DA:535,0
DA:536,0
DA:537,0
DA:539,0
DA:540,0
DA:542,0
DA:544,0
DA:545,0
DA:546,0
DA:548,0
DA:549,0
DA:550,0
DA:551,0
DA:553,0
DA:559,7
DA:560,7
DA:561,28
DA:565,3
DA:566,3
DA:567,12
DA:568,3
DA:573,2
DA:574,2
DA:575,8
DA:582,3
DA:583,6
DA:585,1
DA:586,1
DA:587,1
DA:588,1
DA:589,1
DA:590,1
DA:591,1
DA:594,6
DA:595,4
DA:598,2
DA:599,0
DA:600,0
DA:601,0
DA:602,0
DA:603,0
DA:604,0
DA:606,0
DA:609,0
DA:610,0
DA:611,0
DA:617,4
DA:618,0
DA:619,0
DA:620,0
DA:623,2
DA:626,2
DA:631,0
DA:636,0
DA:637,0
DA:640,0
DA:654,0
DA:659,0
DA:665,0
DA:666,0
DA:667,0
DA:668,0
DA:669,0
DA:671,0
DA:674,0
DA:675,0
DA:676,0
DA:678,0
DA:679,0
DA:680,0
DA:682,0
DA:683,0
DA:684,0
DA:686,0
DA:687,0
DA:688,0
DA:690,0
DA:691,0
DA:692,0
DA:694,0
LF:339
LH:34
end_of_record
TN:
SF:/Users/forge18/Repos/typedlua-lsp/src/core/analysis/symbol_index.rs
FN:85,SymbolIndex::new
FN:92,SymbolIndex::update_document
FN:118,SymbolIndex::clear_document
FN:142,SymbolIndex::index_exports
FN:204,SymbolIndex::index_imports
FN:329,SymbolIndex::index_workspace_symbols
FN:341,SymbolIndex::index_statement_symbols
FN:559,SymbolIndex::get_export
FN:565,SymbolIndex::get_importers
FN:573,SymbolIndex::get_imports
FN:582,SymbolIndex::search_workspace_symbols
FN:631,SymbolIndex::workspace_symbol_to_lsp
FN:659,SymbolIndex::get_declaration_export_name
FNF:13
FNDA:87,SymbolIndex::new
FNDA:0,SymbolIndex::update_document
FNDA:2,SymbolIndex::clear_document
FNDA:0,SymbolIndex::index_exports
FNDA:0,SymbolIndex::index_imports
FNDA:0,SymbolIndex::index_workspace_symbols
FNDA:0,SymbolIndex::index_statement_symbols
FNDA:8,SymbolIndex::get_export
FNDA:6,SymbolIndex::get_importers
FNDA:4,SymbolIndex::get_imports
FNDA:6,SymbolIndex::search_workspace_symbols
FNDA:0,SymbolIndex::workspace_symbol_to_lsp
FNDA:0,SymbolIndex::get_declaration_export_name
DA:85,87
DA:86,87
DA:92,0
DA:101,0
DA:104,0
DA:105,0
DA:108,0
DA:111,0
DA:114,0
DA:118,2
DA:120,4
DA:123,4
DA:126,4
DA:127,0
DA:131,4
DA:132,0
DA:135,4
DA:138,6
DA:142,0
DA:149,0
DA:150,0
DA:151,0
DA:152,0
DA:153,0
DA:154,0
DA:157,0
DA:159,0
DA:162,0
DA:163,0
DA:167,0
DA:170,0
DA:171,0
DA:172,0
DA:173,0
DA:175,0
DA:176,0
DA:179,0
DA:181,0
DA:184,0
DA:185,0
DA:188,0
DA:190,0
DA:191,0
DA:192,0
DA:195,0
DA:196,0
DA:204,0
DA:212,0
DA:213,0
DA:214,0
DA:217,0
DA:218,0
DA:220,0
DA:221,0
DA:222,0
DA:223,0
DA:224,0
DA:225,0
DA:227,0
DA:228,0
DA:231,0
DA:232,0
DA:233,0
DA:234,0
DA:238,0
DA:239,0
DA:240,0
DA:241,0
DA:244,0
DA:245,0
DA:246,0
DA:247,0
DA:250,0
DA:251,0
DA:253,0
DA:254,0
DA:255,0
DA:256,0
DA:259,0
DA:260,0
DA:261,0
DA:262,0
DA:264,0
DA:265,0
DA:266,0
DA:267,0
DA:269,0
DA:272,0
DA:275,0
DA:277,0
DA:279,0
DA:280,0
DA:281,0
DA:282,0
DA:285,0
DA:286,0
DA:287,0
DA:288,0
DA:290,0
DA:291,0
DA:292,0
DA:293,0
DA:296,0
DA:297,0
DA:298,0
DA:299,0
DA:301,0
DA:302,0
DA:305,0
DA:306,0
DA:307,0
DA:308,0
DA:311,0
DA:312,0
DA:313,0
DA:314,0
DA:316,0
DA:317,0
DA:318,0
DA:319,0
DA:329,0
DA:335,0
DA:336,0
DA:341,0
DA:351,0
DA:352,0
DA:353,0
DA:354,0
DA:356,0
DA:358,0
DA:359,0
DA:360,0
DA:362,0
DA:363,0
DA:364,0
DA:365,0
DA:368,0
DA:369,0
DA:371,0
DA:373,0
DA:374,0
DA:375,0
DA:377,0
DA:378,0
DA:379,0
DA:380,0
DA:382,0
DA:383,0
DA:385,0
DA:387,0
DA:388,0
DA:389,0
DA:391,0
DA:392,0
DA:393,0
DA:394,0
DA:397,0
DA:398,0
DA:399,0
DA:400,0
DA:402,0
DA:404,0
DA:405,0
DA:406,0
DA:408,0
DA:409,0
DA:410,0
DA:411,0
DA:413,0
DA:414,0
DA:416,0
DA:418,0
DA:419,0
DA:420,0
DA:422,0
DA:423,0
DA:424,0
DA:425,0
DA:427,0
DA:429,0
DA:431,0
DA:432,0
DA:433,0
DA:435,0
DA:436,0
DA:437,0
DA:438,0
DA:440,0
DA:441,0
DA:443,0
DA:445,0
DA:446,0
DA:447,0
DA:449,0
DA:450,0
DA:451,0
DA:452,0
DA:454,0
DA:455,0
DA:457,0
DA:459,0
DA:460,0
DA:461,0
DA:463,0
DA:464,0
DA:465,0
DA:466,0
DA:468,0
DA:469,0
DA:470,0
DA:471,0
DA:472,0
DA:473,0
DA:474,0
DA:475,0
DA:476,0
DA:477,0
DA:478,0
DA:479,0
DA:480,0
DA:481,0
DA:482,0
DA:483,0
DA:484,0
DA:485,0
DA:486,0
DA:487,0
DA:488,0
DA:489,0
DA:490,0
DA:491,0
DA:492,0
DA:493,0
DA:495,0
DA:497,0
DA:499,0
DA:500,0
DA:501,0
DA:503,0
DA:504,0
DA:505,0
DA:506,0
DA:511,0
DA:512,0
DA:514,0
DA:516,0
DA:517,0
DA:518,0
DA:520,0
DA:521,0
DA:522,0
DA:523,0
DA:525,0
DA:526,0
DA:528,0
DA:530,0
DA:531,0
DA:532,0
DA:534,0
DA:535,0
DA:536,0
DA:537,0
DA:539,0
DA:540,0
DA:542,0
DA:544,0
DA:545,0
DA:546,0
DA:548,0
DA:549,0
DA:550,0
DA:551,0
DA:553,0
DA:559,8
DA:560,8
DA:561,32
DA:565,6
DA:566,6
DA:567,24
DA:568,6
DA:573,4
DA:574,4
DA:575,16
DA:582,6
DA:583,12
DA:585,2
DA:586,2
DA:587,2
DA:588,2
DA:589,2
DA:590,2
DA:591,2
DA:594,12
DA:595,8
DA:598,4
DA:599,0
DA:600,0
DA:601,0
DA:602,0
DA:603,0
DA:604,0
DA:606,0
DA:609,0
DA:610,0
DA:611,0
DA:617,8
DA:618,0
DA:619,0
DA:620,0
DA:623,4
DA:626,4
DA:631,0
DA:636,0
DA:637,0
DA:640,0
DA:654,0
DA:659,0
DA:665,0
DA:666,0
DA:667,0
DA:668,0
DA:669,0
DA:671,0
DA:674,0
DA:675,0
DA:676,0
DA:678,0
DA:679,0
DA:680,0
DA:682,0
DA:683,0
DA:684,0
DA:686,0
DA:687,0
DA:688,0
DA:690,0
DA:691,0
DA:692,0
DA:694,0
LF:339
LH:34
end_of_record
TN:
SF:/Users/forge18/Repos/typedlua-lsp/src/core/diagnostics.rs
FN:17,DiagnosticsProvider::new
FN:22,DiagnosticsProvider::provide_impl
FN:63,DiagnosticsProvider::convert_diagnostics
FN:87,span_to_range
FN:102,<impl DiagnosticsProviderTrait for DiagnosticsProvider>::provide
FNF:5
FNDA:18,DiagnosticsProvider::new
FNDA:16,DiagnosticsProvider::provide_impl
FNDA:16,DiagnosticsProvider::convert_diagnostics
FNDA:6,span_to_range
FNDA:16,<impl DiagnosticsProviderTrait for DiagnosticsProvider>::provide
DA:17,18
DA:18,18
DA:22,16
DA:23,32
DA:26,48
DA:29,48
DA:32,80
DA:33,32
DA:34,32
DA:37,0
DA:42,96
DA:43,32
DA:44,32
DA:47,0
DA:52,80
DA:53,32
DA:54,0
DA:58,64
DA:59,16
DA:63,16
DA:64,16
DA:67,16
DA:68,0
DA:69,0
DA:70,0
DA:71,0
DA:72,0
DA:74,0
DA:75,0
DA:76,0
DA:77,0
DA:78,0
DA:79,0
DA:80,0
DA:87,6
DA:89,12
DA:93,6
DA:102,16
DA:103,48
LF:39
LH:24
end_of_record
TN:
SF:/Users/forge18/Repos/typedlua-lsp/src/core/document.rs
FN:32,<impl DocumentManagerTrait for DocumentManager>::get
FN:36,<impl DocumentManagerTrait for DocumentManager>::symbol_index
FN:40,<impl DocumentManagerTrait for DocumentManager>::module_id_to_uri
FN:44,<impl DocumentManagerTrait for DocumentManager>::uri_to_module_id
FN:88,<impl Debug for Document>::fmt
FN:109,Document::new_test
FN:119,Document::get_or_parse_ast
FN:148,Document::clear_cache
FN:154,DocumentManager::new
FN:172,DocumentManager::new_test
FN:194,DocumentManager::open
FN:222,DocumentManager::change
FN:267,DocumentManager::save
FN:269,DocumentManager::close
FN:282,DocumentManager::get
FN:286,DocumentManager::module_id_to_uri
FN:290,DocumentManager::module_resolver
FN:294,DocumentManager::symbol_index
FN:298,DocumentManager::uri_to_module_id
FN:302,DocumentManager::position_to_offset
FNF:20
FNDA:0,<impl DocumentManagerTrait for DocumentManager>::get
FNDA:0,<impl DocumentManagerTrait for DocumentManager>::symbol_index
FNDA:0,<impl DocumentManagerTrait for DocumentManager>::module_id_to_uri
FNDA:0,<impl DocumentManagerTrait for DocumentManager>::uri_to_module_id
FNDA:4,<impl Debug for Document>::fmt
FNDA:588,Document::new_test
FNDA:14,Document::get_or_parse_ast
FNDA:6,Document::clear_cache
FNDA:69,DocumentManager::new
FNDA:58,DocumentManager::new_test
FNDA:18,DocumentManager::open
FNDA:4,DocumentManager::change
FNDA:4,DocumentManager::save
FNDA:2,DocumentManager::close
FNDA:46,DocumentManager::get
FNDA:2,DocumentManager::module_id_to_uri
FNDA:2,DocumentManager::module_resolver
FNDA:4,DocumentManager::symbol_index
FNDA:2,DocumentManager::uri_to_module_id
FNDA:42,DocumentManager::position_to_offset
DA:32,0
DA:33,0
DA:36,0
DA:37,0
DA:40,0
DA:41,0
DA:44,0
DA:45,0
DA:88,4
DA:89,20
DA:92,24
DA:94,12
DA:95,8
DA:98,12
DA:100,12
DA:109,588
DA:113,1764
DA:119,14
DA:120,16
DA:121,2
DA:122,6
DA:123,6
DA:124,2
DA:128,36
DA:129,36
DA:130,60
DA:131,48
DA:133,72
DA:134,48
DA:136,36
DA:137,36
DA:138,36
DA:139,24
DA:140,36
DA:141,36
DA:142,12
DA:145,24
DA:148,6
DA:149,12
DA:154,69
DA:160,138
DA:163,138
DA:164,138
DA:166,69
DA:172,58
DA:176,116
DA:177,174
DA:178,116
DA:179,58
DA:181,58
DA:182,58
DA:184,174
DA:185,174
DA:186,58
DA:187,58
DA:188,116
DA:191,232
DA:194,18
DA:195,54
DA:197,36
DA:200,18
DA:201,54
DA:202,18
DA:205,36
DA:206,36
DA:207,54
DA:209,18
DA:212,18
DA:213,0
DA:214,0
DA:215,0
DA:216,0
DA:219,72
DA:222,4
DA:223,12
DA:225,12
DA:226,4
DA:228,12
DA:229,8
DA:230,10
DA:231,10
DA:232,6
DA:233,8
DA:234,8
DA:235,8
DA:236,2
DA:238,2
DA:242,8
DA:244,4
DA:245,0
DA:246,0
DA:247,0
DA:248,0
DA:249,0
DA:250,0
DA:251,0
DA:252,0
DA:253,0
DA:254,0
DA:255,0
DA:256,0
DA:257,0
DA:267,4
DA:269,2
DA:270,4
DA:272,4
DA:273,0
DA:276,4
DA:277,0
DA:279,6
DA:282,46
DA:283,138
DA:286,2
DA:287,6
DA:290,2
DA:291,2
DA:294,4
DA:295,4
DA:298,2
DA:299,6
DA:302,42
DA:303,84
DA:304,84
DA:306,536
DA:307,226
DA:308,100
DA:309,32
DA:311,204
DA:312,68
DA:316,210
DA:317,16
DA:318,16
DA:322,20
LF:133
LH:106
end_of_record
TN:
SF:/Users/forge18/Repos/typedlua-lsp/src/di/container.rs
FN:21,DiContainer::new
FN:29,DiContainer::register
FN:47,DiContainer::register_with_factory
FN:57,DiContainer::resolve
FN:92,DiContainer::is_registered
FN:100,DiContainer::service_count
FN:105,DiContainer::singleton_count
FN:110,DiContainer::clear
FN:118,<impl Default for DiContainer>::default
FNF:9
FNDA:71,DiContainer::new
FNDA:544,DiContainer::register
FNDA:0,DiContainer::register_with_factory
FNDA:87,DiContainer::resolve
FNDA:12,DiContainer::is_registered
FNDA:18,DiContainer::service_count
FNDA:15,DiContainer::singleton_count
FNDA:3,DiContainer::clear
FNDA:3,<impl Default for DiContainer>::default
DA:21,71
DA:23,142
DA:24,71
DA:25,71
DA:29,544
DA:36,1088
DA:37,1700
DA:38,136
DA:39,204
DA:40,68
DA:42,2176
DA:43,2176
DA:47,0
DA:54,0
DA:57,87
DA:61,174
DA:63,435
DA:65,84
DA:66,0
DA:67,115
DA:68,96
DA:71,85
DA:72,34
DA:73,34
DA:74,51
DA:75,68
DA:76,102
DA:79,0
DA:80,270
DA:81,105
DA:82,102
DA:83,306
DA:88,3
DA:92,12
DA:96,36
DA:100,18
DA:101,36
DA:105,15
DA:106,30
DA:110,3
DA:111,6
DA:112,6
DA:113,6
DA:118,3
DA:119,3
LF:45
LH:41
end_of_record
TN:
SF:/Users/forge18/Repos/typedlua-lsp/src/features/edit/code_actions.rs
FN:17,CodeActionsProvider::new
FN:22,CodeActionsProvider::provide
FN:79,CodeActionsProvider::resolve
FN:88,CodeActionsProvider::quick_fix_add_type_annotation
FN:126,CodeActionsProvider::quick_fix_unused_variable
FN:159,CodeActionsProvider::refactor_extract_variable
FN:232,CodeActionsProvider::source_action_add_type_annotations
FN:270,CodeActionsProvider::get_text_in_range
FN:325,CodeActionsProvider::get_line_indent
FN:339,CodeActionsProvider::collect_missing_type_annotations
FNF:10
FNDA:52,CodeActionsProvider::new
FNDA:40,CodeActionsProvider::provide
FNDA:6,CodeActionsProvider::resolve
FNDA:0,CodeActionsProvider::quick_fix_add_type_annotation
FNDA:2,CodeActionsProvider::quick_fix_unused_variable
FNDA:12,CodeActionsProvider::refactor_extract_variable
FNDA:40,CodeActionsProvider::source_action_add_type_annotations
FNDA:12,CodeActionsProvider::get_text_in_range
FNDA:12,CodeActionsProvider::get_line_indent
FNDA:37,CodeActionsProvider::collect_missing_type_annotations
DA:17,52
DA:18,52
DA:22,40
DA:29,80
DA:32,120
DA:33,120
DA:34,200
DA:35,80
DA:36,80
DA:37,0
DA:40,240
DA:41,80
DA:42,80
DA:43,0
DA:47,50
DA:49,5
DA:50,0
DA:51,0
DA:56,5
DA:57,10
DA:58,4
DA:64,40
DA:65,84
DA:66,24
DA:71,166
DA:72,46
DA:75,40
DA:79,6
DA:82,6
DA:88,0
DA:95,0
DA:97,0
DA:98,0
DA:99,0
DA:100,0
DA:101,0
DA:102,0
DA:103,0
DA:105,0
DA:109,0
DA:110,0
DA:111,0
DA:112,0
DA:113,0
DA:114,0
DA:115,0
DA:116,0
DA:118,0
DA:119,0
DA:120,0
DA:121,0
DA:126,2
DA:128,4
DA:129,4
DA:130,4
DA:131,4
DA:132,4
DA:133,4
DA:134,4
DA:136,2
DA:140,2
DA:141,6
DA:142,4
DA:143,6
DA:144,4
DA:145,6
DA:146,4
DA:147,4
DA:149,4
DA:150,4
DA:151,2
DA:152,2
DA:159,12
DA:167,60
DA:170,24
DA:171,0
DA:175,24
DA:178,24
DA:181,24
DA:182,60
DA:184,24
DA:186,12
DA:187,24
DA:188,24
DA:189,24
DA:190,24
DA:192,24
DA:193,24
DA:194,24
DA:197,24
DA:198,24
DA:199,12
DA:200,12
DA:201,12
DA:205,12
DA:206,24
DA:207,12
DA:211,60
DA:213,12
DA:214,36
DA:215,24
DA:216,24
DA:217,24
DA:218,36
DA:219,24
DA:220,24
DA:222,24
DA:223,24
DA:224,12
DA:225,12
DA:232,40
DA:237,80
DA:240,145
DA:241,105
DA:244,80
DA:245,17
DA:248,46
DA:249,115
DA:251,23
DA:252,69
DA:253,46
DA:254,46
DA:255,46
DA:256,69
DA:257,46
DA:258,46
DA:260,46
DA:261,46
DA:262,23
DA:263,23
DA:270,12
DA:271,48
DA:273,12
DA:275,16
DA:276,16
DA:277,0
DA:280,16
DA:281,16
DA:282,16
DA:284,32
DA:285,0
DA:288,16
DA:291,8
DA:293,20
DA:294,24
DA:295,24
DA:296,0
DA:299,24
DA:301,12
DA:302,8
DA:303,12
DA:304,12
DA:306,8
DA:307,8
DA:308,12
DA:309,12
DA:312,8
DA:315,20
DA:316,8
DA:320,4
DA:325,12
DA:326,48
DA:327,24
DA:329,24
DA:330,0
DA:333,24
DA:334,72
DA:339,37
DA:340,37
DA:341,23
DA:342,46
DA:343,69
DA:346,92
DA:347,69
DA:351,69
DA:352,46
DA:353,46
DA:354,46
DA:356,23
DA:361,2
DA:363,8
DA:364,6
DA:367,0
DA:368,0
DA:369,0
DA:371,0
DA:372,0
DA:373,0
DA:376,0
DA:377,0
DA:378,0
DA:382,0
DA:383,0
DA:384,0
DA:387,0
DA:388,0
DA:389,0
DA:392,12
LF:198
LH:152
end_of_record
TN:
SF:/Users/forge18/Repos/typedlua-lsp/src/features/edit/completion.rs
FN:15,CompletionProvider::new
FN:20,CompletionProvider::provide
FN:57,CompletionProvider::get_completion_context
FN:107,CompletionProvider::complete_keywords
FN:200,CompletionProvider::complete_symbols
FN:250,CompletionProvider::format_symbol_detail
FN:281,CompletionProvider::complete_types
FN:315,CompletionProvider::complete_decorators
FN:349,CompletionProvider::resolve
FN:373,<impl CompletionProviderTrait for CompletionProvider>::provide
FN:377,<impl CompletionProviderTrait for CompletionProvider>::resolve
FNF:11
FNDA:69,CompletionProvider::new
FNDA:28,CompletionProvider::provide
FNDA:40,CompletionProvider::get_completion_context
FNDA:24,CompletionProvider::complete_keywords
FNDA:26,CompletionProvider::complete_symbols
FNDA:21,CompletionProvider::format_symbol_detail
FNDA:7,CompletionProvider::complete_types
FNDA:6,CompletionProvider::complete_decorators
FNDA:3,CompletionProvider::resolve
FNDA:0,<impl CompletionProviderTrait for CompletionProvider>::provide
FNDA:0,<impl CompletionProviderTrait for CompletionProvider>::resolve
DA:15,69
DA:16,69
DA:20,28
DA:21,56
DA:24,140
DA:26,28
DA:27,3
DA:31,0
DA:35,3
DA:36,9
DA:38,2
DA:39,6
DA:41,0
DA:45,20
DA:47,100
DA:49,80
DA:53,28
DA:57,40
DA:59,160
DA:60,80
DA:61,17
DA:64,46
DA:65,46
DA:66,46
DA:67,0
DA:70,46
DA:73,46
DA:74,5
DA:78,36
DA:79,2
DA:83,32
DA:84,4
DA:88,17
DA:89,10
DA:91,10
DA:92,0
DA:94,5
DA:99,24
DA:100,2
DA:103,5
DA:107,24
DA:108,48
DA:109,24
DA:111,24
DA:112,24
DA:113,24
DA:116,24
DA:117,24
DA:118,24
DA:120,24
DA:121,24
DA:122,24
DA:123,24
DA:124,24
DA:125,24
DA:126,24
DA:127,24
DA:128,24
DA:129,24
DA:130,24
DA:131,24
DA:132,24
DA:134,24
DA:135,24
DA:136,24
DA:138,24
DA:139,24
DA:140,24
DA:141,24
DA:142,24
DA:143,24
DA:145,24
DA:146,24
DA:147,24
DA:150,24
DA:151,24
DA:152,24
DA:154,24
DA:155,24
DA:156,24
DA:158,24
DA:159,24
DA:160,24
DA:163,24
DA:164,24
DA:165,24
DA:168,24
DA:169,24
DA:170,24
DA:173,24
DA:174,24
DA:175,24
DA:177,24
DA:178,24
DA:179,24
DA:180,24
DA:181,24
DA:182,24
DA:183,24
DA:184,24
DA:187,24
DA:189,24
DA:190,1920
DA:191,960
DA:192,960
DA:193,960
DA:194,960
DA:200,26
DA:202,78
DA:203,78
DA:204,130
DA:205,52
DA:206,52
DA:207,0
DA:210,156
DA:211,52
DA:212,52
DA:213,0
DA:216,130
DA:217,78
DA:222,78
DA:223,52
DA:225,86
DA:226,34
DA:227,15
DA:228,2
DA:229,0
DA:230,0
DA:231,0
DA:232,0
DA:233,0
DA:234,0
DA:237,51
DA:238,51
DA:239,34
DA:240,34
DA:241,17
DA:242,17
DA:246,26
DA:250,21
DA:253,42
DA:254,0
DA:255,17
DA:256,4
DA:257,0
DA:258,0
DA:259,0
DA:260,0
DA:261,0
DA:262,0
DA:266,38
DA:267,17
DA:268,0
DA:269,0
DA:270,0
DA:271,4
DA:272,0
DA:273,0
DA:274,0
DA:277,42
DA:281,7
DA:282,14
DA:283,7
DA:285,7
DA:286,7
DA:287,7
DA:289,7
DA:290,7
DA:292,7
DA:293,7
DA:294,7
DA:296,7
DA:297,7
DA:298,7
DA:301,7
DA:303,7
DA:304,112
DA:305,56
DA:306,56
DA:307,56
DA:308,56
DA:309,56
DA:315,6
DA:316,12
DA:318,6
DA:319,6
DA:320,6
DA:323,12
DA:324,6
DA:325,6
DA:328,12
DA:329,6
DA:330,6
DA:334,6
DA:336,6
DA:337,36
DA:338,18
DA:339,18
DA:340,18
DA:341,18
DA:342,18
DA:349,3
DA:351,3
DA:373,0
DA:374,0
DA:377,0
DA:378,0
LF:207
LH:178
end_of_record
TN:
SF:/Users/forge18/Repos/typedlua-lsp/src/features/edit/rename.rs
FN:17,RenameProvider::new
FN:22,RenameProvider::prepare
FN:41,RenameProvider::rename
FN:161,RenameProvider::is_symbol_exported
FN:204,RenameProvider::get_declaration_name_span
FN:251,RenameProvider::collect_renames_in_importing_files
FN:315,RenameProvider::find_import_source
FN:395,RenameProvider::is_valid_identifier
FN:426,RenameProvider::is_keyword
FN:473,RenameProvider::get_word_at_position
FN:512,RenameProvider::get_word_range
FN:560,RenameProvider::find_declaration
FN:609,RenameProvider::find_all_occurrences
FN:621,RenameProvider::find_occurrences_in_statement
FN:667,RenameProvider::find_occurrences_in_expression
FN:718,span_to_range
FNF:16
FNDA:93,RenameProvider::new
FNDA:67,RenameProvider::prepare
FNDA:0,RenameProvider::rename
FNDA:0,RenameProvider::is_symbol_exported
FNDA:0,RenameProvider::get_declaration_name_span
FNDA:0,RenameProvider::collect_renames_in_importing_files
FNDA:0,RenameProvider::find_import_source
FNDA:48,RenameProvider::is_valid_identifier
FNDA:28,RenameProvider::is_keyword
FNDA:67,RenameProvider::get_word_at_position
FNDA:52,RenameProvider::get_word_range
FNDA:0,RenameProvider::find_declaration
FNDA:0,RenameProvider::find_all_occurrences
FNDA:0,RenameProvider::find_occurrences_in_statement
FNDA:0,RenameProvider::find_occurrences_in_expression
FNDA:10,span_to_range
DA:17,93
DA:18,93
DA:22,67
DA:28,335
DA:31,260
DA:34,52
DA:35,52
DA:36,52
DA:41,0
DA:50,0
DA:53,0
DA:54,0
DA:58,0
DA:59,0
DA:60,0
DA:61,0
DA:63,0
DA:64,0
DA:67,0
DA:70,0
DA:71,0
DA:72,0
DA:73,0
DA:74,0
DA:75,0
DA:79,0
DA:80,0
DA:84,0
DA:86,0
DA:87,0
DA:88,0
DA:92,0
DA:95,0
DA:96,0
DA:97,0
DA:98,0
DA:99,0
DA:100,0
DA:101,0
DA:102,0
DA:108,0
DA:109,0
DA:110,0
DA:111,0
DA:112,0
DA:113,0
DA:115,0
DA:117,0
DA:118,0
DA:119,0
DA:120,0
DA:121,0
DA:122,0
DA:123,0
DA:124,0
DA:125,0
DA:126,0
DA:127,0
DA:131,0
DA:132,0
DA:134,0
DA:138,0
DA:140,0
DA:141,0
DA:142,0
DA:146,0
DA:153,0
DA:154,0
DA:155,0
DA:156,0
DA:161,0
DA:169,0
DA:170,0
DA:171,0
DA:172,0
DA:173,0
DA:174,0
DA:177,0
DA:181,0
DA:184,0
DA:185,0
DA:186,0
DA:187,0
DA:189,0
DA:193,0
DA:194,0
DA:196,0
DA:200,0
DA:204,0
DA:212,0
DA:213,0
DA:214,0
DA:215,0
DA:216,0
DA:220,0
DA:221,0
DA:222,0
DA:225,0
DA:226,0
DA:227,0
DA:230,0
DA:231,0
DA:232,0
DA:235,0
DA:236,0
DA:237,0
DA:240,0
DA:241,0
DA:242,0
DA:245,0
DA:247,0
DA:251,0
DA:260,0
DA:262,0
DA:265,0
DA:266,0
DA:268,0
DA:270,0
DA:272,0
DA:274,0
DA:276,0
DA:277,0
DA:279,0
DA:280,0
DA:283,0
DA:284,0
DA:285,0
DA:286,0
DA:287,0
DA:288,0
DA:289,0
DA:293,0
DA:295,0
DA:296,0
DA:297,0
DA:301,0
DA:302,0
DA:315,0
DA:325,0
DA:326,0
DA:327,0
DA:330,0
DA:331,0
DA:332,0
DA:333,0
DA:334,0
DA:336,0
DA:339,0
DA:340,0
DA:341,0
DA:343,0
DA:346,0
DA:347,0
DA:348,0
DA:350,0
DA:353,0
DA:354,0
DA:356,0
DA:357,0
DA:360,0
DA:361,0
DA:362,0
DA:363,0
DA:365,0
DA:372,0
DA:374,0
DA:375,0
DA:377,0
DA:378,0
DA:380,0
DA:381,0
DA:383,0
DA:391,0
DA:395,48
DA:396,96
DA:397,6
DA:401,126
DA:402,84
DA:403,58
DA:404,6
DA:407,0
DA:411,344
DA:412,174
DA:413,8
DA:418,84
DA:419,6
DA:422,22
DA:426,28
DA:427,6
DA:428,28
DA:473,67
DA:474,268
DA:475,134
DA:476,9
DA:479,116
DA:480,116
DA:481,116
DA:482,2
DA:486,280
DA:487,112
DA:488,0
DA:492,60
DA:493,4
DA:497,104
DA:498,317
DA:499,29
DA:503,104
DA:504,1521
DA:505,253
DA:508,156
DA:512,52
DA:513,208
DA:514,104
DA:515,0
DA:518,104
DA:519,104
DA:520,104
DA:521,0
DA:525,260
DA:526,104
DA:527,0
DA:531,52
DA:532,0
DA:536,104
DA:537,317
DA:538,29
DA:542,104
DA:543,1521
DA:544,253
DA:547,52
DA:548,104
DA:549,104
DA:550,104
DA:552,52
DA:553,52
DA:554,52
DA:560,0
DA:568,0
DA:569,0
DA:570,0
DA:571,0
DA:572,0
DA:573,0
DA:577,0
DA:578,0
DA:579,0
DA:582,0
DA:583,0
DA:584,0
DA:587,0
DA:588,0
DA:589,0
DA:592,0
DA:593,0
DA:594,0
DA:597,0
DA:598,0
DA:599,0
DA:602,0
DA:605,0
DA:609,0
DA:616,0
DA:617,0
DA:621,0
DA:628,0
DA:629,0
DA:630,0
DA:632,0
DA:633,0
DA:635,0
DA:636,0
DA:637,0
DA:640,0
DA:641,0
DA:642,0
DA:643,0
DA:644,0
DA:645,0
DA:647,0
DA:648,0
DA:651,0
DA:652,0
DA:653,0
DA:655,0
DA:656,0
DA:657,0
DA:660,0
DA:661,0
DA:663,0
DA:667,0
DA:674,0
DA:675,0
DA:676,0
DA:677,0
DA:680,0
DA:681,0
DA:682,0
DA:684,0
DA:685,0
DA:687,0
DA:688,0
DA:689,0
DA:690,0
DA:693,0
DA:694,0
DA:696,0
DA:697,0
DA:698,0
DA:700,0
DA:701,0
DA:702,0
DA:704,0
DA:705,0
DA:706,0
DA:707,0
DA:709,0
DA:710,0
DA:712,0
DA:718,10
DA:720,20
DA:724,10
LF:321
LH:68
end_of_record
TN:
SF:/Users/forge18/Repos/typedlua-lsp/src/features/edit/signature_help.rs
FN:14,SignatureHelpProvider::new
FN:19,SignatureHelpProvider::provide
FN:49,SignatureHelpProvider::analyze_call_context
FN:107,SignatureHelpProvider::count_parameters
FN:136,SignatureHelpProvider::format_signature
FN:184,SignatureHelpProvider::format_type_simple
FNF:6
FNDA:45,SignatureHelpProvider::new
FNDA:5,SignatureHelpProvider::provide
FNDA:27,SignatureHelpProvider::analyze_call_context
FNDA:48,SignatureHelpProvider::count_parameters
FNDA:0,SignatureHelpProvider::format_signature
FNDA:0,SignatureHelpProvider::format_type_simple
DA:14,45
DA:15,45
DA:19,5
DA:21,27
DA:24,6
DA:25,6
DA:26,10
DA:27,8
DA:29,12
DA:30,8
DA:32,10
DA:33,10
DA:36,0
DA:39,0
DA:41,0
DA:42,0
DA:43,0
DA:44,0
DA:49,27
DA:54,108
DA:55,54
DA:56,3
DA:59,48
DA:60,48
DA:61,48
DA:62,2
DA:66,44
DA:69,44
DA:70,44
DA:72,194
DA:73,64
DA:74,3
DA:76,19
DA:77,16
DA:78,16
DA:80,3
DA:82,42
DA:86,44
DA:89,32
DA:90,32
DA:91,172
DA:95,32
DA:96,0
DA:100,32
DA:101,64
DA:103,16
DA:107,48
DA:108,96
DA:109,96
DA:110,96
DA:111,96
DA:112,96
DA:114,354
DA:115,15
DA:116,6
DA:117,4
DA:118,4
DA:120,286
DA:121,4
DA:123,30
DA:124,30
DA:125,8
DA:126,8
DA:127,218
DA:128,172
DA:132,48
DA:136,0
DA:146,0
DA:147,0
DA:149,0
DA:150,0
DA:151,0
DA:153,0
DA:156,0
DA:157,0
DA:159,0
DA:162,0
DA:163,0
DA:164,0
DA:168,0
DA:170,0
DA:172,0
DA:173,0
DA:174,0
DA:175,0
DA:176,0
DA:179,0
DA:184,0
DA:191,0
DA:192,0
DA:193,0
DA:194,0
DA:195,0
DA:196,0
DA:197,0
DA:198,0
DA:199,0
DA:200,0
DA:201,0
DA:202,0
LF:100
LH:59
end_of_record
TN:
SF:/Users/forge18/Repos/typedlua-lsp/src/features/formatting/formatting.rs
FN:14,FormattingProvider::new
FN:19,FormattingProvider::format_document
FN:49,FormattingProvider::format_range
FN:78,FormattingProvider::format_on_type
FN:127,FormattingProvider::fix_indentation_and_whitespace
FN:224,FormattingProvider::fix_indentation_in_range
FN:293,FormattingProvider::calculate_indent_level
FN:332,FormattingProvider::calculate_end_indent
FN:338,FormattingProvider::make_indent
FNF:9
FNDA:34,FormattingProvider::new
FNDA:24,FormattingProvider::format_document
FNDA:6,FormattingProvider::format_range
FNDA:6,FormattingProvider::format_on_type
FNDA:24,FormattingProvider::fix_indentation_and_whitespace
FNDA:6,FormattingProvider::fix_indentation_in_range
FNDA:8,FormattingProvider::calculate_indent_level
FNDA:2,FormattingProvider::calculate_end_indent
FNDA:76,FormattingProvider::make_indent
DA:14,34
DA:15,34
DA:19,24
DA:25,72
DA:26,72
DA:27,120
DA:28,48
DA:29,48
DA:30,0
DA:33,144
DA:34,48
DA:35,48
DA:36,0
DA:40,48
DA:43,120
DA:45,24
DA:49,6
DA:56,18
DA:57,18
DA:58,30
DA:59,12
DA:60,12
DA:61,0
DA:64,36
DA:65,12
DA:66,12
DA:67,0
DA:71,12
DA:72,36
DA:74,6
DA:78,6
DA:85,12
DA:88,6
DA:89,8
DA:90,4
DA:91,0
DA:94,4
DA:95,6
DA:97,2
DA:99,2
DA:100,6
DA:102,12
DA:104,6
DA:105,4
DA:106,6
DA:107,6
DA:108,6
DA:110,4
DA:111,6
DA:112,4
DA:115,2
DA:121,6
DA:127,24
DA:133,96
DA:134,72
DA:136,184
DA:137,204
DA:140,136
DA:142,0
DA:143,0
DA:144,0
DA:145,0
DA:146,0
DA:147,0
DA:149,0
DA:150,0
DA:151,0
DA:154,0
DA:157,0
DA:161,136
DA:162,112
DA:163,112
DA:165,12
DA:169,340
DA:170,616
DA:173,78
DA:174,30
DA:175,20
DA:176,30
DA:177,30
DA:178,30
DA:180,20
DA:181,30
DA:182,20
DA:185,10
DA:190,360
DA:191,136
DA:192,140
DA:193,12
DA:194,4
DA:195,8
DA:196,8
DA:197,8
DA:199,4
DA:200,8
DA:201,4
DA:204,4
DA:210,136
DA:211,124
DA:212,124
DA:213,124
DA:214,124
DA:215,120
DA:216,116
DA:218,10
DA:224,6
DA:231,24
DA:234,30
DA:236,20
DA:237,16
DA:238,16
DA:239,2
DA:242,12
DA:243,18
DA:245,12
DA:246,0
DA:250,12
DA:251,12
DA:252,12
DA:254,0
DA:258,30
DA:259,48
DA:262,6
DA:263,0
DA:264,0
DA:265,0
DA:266,0
DA:267,0
DA:269,0
DA:270,0
DA:271,0
DA:274,0
DA:279,12
DA:280,12
DA:281,12
DA:282,12
DA:283,12
DA:284,12
DA:285,12
DA:287,0
DA:293,8
DA:294,32
DA:295,24
DA:297,54
DA:298,42
DA:300,28
DA:301,0
DA:305,28
DA:306,24
DA:307,24
DA:309,2
DA:313,14
DA:315,16
DA:316,12
DA:317,12
DA:318,12
DA:319,12
DA:320,12
DA:321,12
DA:323,2
DA:328,8
DA:332,2
DA:333,10
DA:334,2
DA:338,76
DA:339,76
DA:340,198
DA:342,30
LF:168
LH:139
end_of_record
TN:
SF:/Users/forge18/Repos/typedlua-lsp/src/features/hints/inlay_hints.rs
FN:16,InlayHintsProvider::new
FN:21,InlayHintsProvider::provide
FN:53,InlayHintsProvider::resolve
FN:59,InlayHintsProvider::collect_hints_from_statement
FN:106,InlayHintsProvider::collect_hints_from_expression
FN:199,InlayHintsProvider::span_in_range
FN:206,InlayHintsProvider::format_type_simple
FN:234,span_to_position_start
FN:243,span_to_position_end
FNF:9
FNDA:46,InlayHintsProvider::new
FNDA:44,InlayHintsProvider::provide
FNDA:2,InlayHintsProvider::resolve
FNDA:37,InlayHintsProvider::collect_hints_from_statement
FNDA:0,InlayHintsProvider::collect_hints_from_expression
FNDA:0,InlayHintsProvider::span_in_range
FNDA:0,InlayHintsProvider::format_type_simple
FNDA:25,span_to_position_start
FNDA:44,span_to_position_end
DA:16,46
DA:17,46
DA:21,44
DA:22,88
DA:25,132
DA:26,132
DA:27,220
DA:28,88
DA:29,88
DA:30,0
DA:33,264
DA:34,88
DA:35,88
DA:36,0
DA:39,220
DA:40,132
DA:41,4
DA:45,151
DA:46,222
DA:49,40
DA:53,2
DA:55,2
DA:59,37
DA:67,37
DA:68,27
DA:69,54
DA:70,75
DA:71,75
DA:73,65
DA:74,76
DA:76,57
DA:77,38
DA:78,38
DA:79,38
DA:80,38
DA:81,38
DA:82,38
DA:83,19
DA:84,19
DA:89,0
DA:90,0
DA:91,0
DA:92,0
DA:93,0
DA:94,0
DA:95,0
DA:96,0
DA:100,10
DA:106,0
DA:114,0
DA:115,0
DA:117,0
DA:118,0
DA:119,0
DA:122,0
DA:124,0
DA:125,0
DA:126,0
DA:128,0
DA:129,0
DA:131,0
DA:132,0
DA:134,0
DA:135,0
DA:136,0
DA:137,0
DA:138,0
DA:140,0
DA:141,0
DA:142,0
DA:143,0
DA:144,0
DA:145,0
DA:152,0
DA:153,0
DA:154,0
DA:155,0
DA:156,0
DA:157,0
DA:165,0
DA:167,0
DA:168,0
DA:169,0
DA:171,0
DA:172,0
DA:174,0
DA:175,0
DA:177,0
DA:178,0
DA:179,0
DA:181,0
DA:182,0
DA:183,0
DA:185,0
DA:186,0
DA:187,0
DA:188,0
DA:190,0
DA:191,0
DA:193,0
DA:199,0
DA:200,0
DA:201,0
DA:206,0
DA:213,0
DA:214,0
DA:215,0
DA:216,0
DA:217,0
DA:218,0
DA:219,0
DA:220,0
DA:221,0
DA:222,0
DA:223,0
DA:224,0
DA:225,0
DA:227,0
DA:234,25
DA:236,75
DA:237,25
DA:243,44
DA:245,132
DA:246,88
LF:124
LH:44
end_of_record
TN:
SF:/Users/forge18/Repos/typedlua-lsp/src/features/navigation/definition.rs
FN:15,DefinitionProvider::new
FN:20,DefinitionProvider::provide_with_manager
FN:63,DefinitionProvider::find_import_definition
FN:178,DefinitionProvider::find_export_in_document
FN:249,DefinitionProvider::get_declaration_name_span
FN:296,DefinitionProvider::find_declaration
FN:346,DefinitionProvider::get_word_at_position
FN:386,span_to_range
FN:400,<impl DefinitionProviderTrait for DefinitionProvider>::provide
FNF:9
FNDA:24,DefinitionProvider::new
FNDA:11,DefinitionProvider::provide_with_manager
FNDA:5,DefinitionProvider::find_import_definition
FNDA:4,DefinitionProvider::find_export_in_document
FNDA:4,DefinitionProvider::get_declaration_name_span
FNDA:5,DefinitionProvider::find_declaration
FNDA:19,DefinitionProvider::get_word_at_position
FNDA:8,span_to_range
FNDA:11,<impl DefinitionProviderTrait for DefinitionProvider>::provide
DA:15,24
DA:16,24
DA:20,11
DA:28,55
DA:31,15
DA:32,15
DA:33,25
DA:34,20
DA:36,30
DA:37,20
DA:40,15
DA:41,10
DA:42,10
DA:43,10
DA:44,5
DA:45,5
DA:47,0
DA:51,30
DA:55,12
DA:56,4
DA:59,4
DA:63,5
DA:74,25
DA:75,10
DA:76,0
DA:79,0
DA:80,0
DA:82,0
DA:83,0
DA:84,0
DA:85,0
DA:87,0
DA:91,0
DA:92,0
DA:93,0
DA:95,0
DA:98,0
DA:99,0
DA:102,0
DA:104,0
DA:109,0
DA:111,0
DA:113,0
DA:114,0
DA:117,0
DA:118,0
DA:119,0
DA:120,0
DA:122,0
DA:129,0
DA:131,0
DA:132,0
DA:134,0
DA:135,0
DA:138,0
DA:139,0
DA:142,0
DA:144,0
DA:145,0
DA:146,0
DA:147,0
DA:152,0
DA:153,0
DA:154,0
DA:155,0
DA:156,0
DA:157,0
DA:159,0
DA:160,0
DA:161,0
DA:174,5
DA:178,4
DA:185,12
DA:186,12
DA:187,20
DA:188,16
DA:190,24
DA:191,16
DA:196,10
DA:197,8
DA:198,0
DA:199,4
DA:201,2
DA:202,16
DA:204,2
DA:205,6
DA:206,2
DA:211,0
DA:215,0
DA:216,0
DA:217,0
DA:220,0
DA:221,0
DA:222,0
DA:223,0
DA:225,0
DA:226,0
DA:227,0
DA:233,0
DA:235,0
DA:236,0
DA:237,0
DA:240,0
DA:245,2
DA:249,4
DA:257,4
DA:258,0
DA:259,0
DA:260,0
DA:261,0
DA:265,4
DA:266,8
DA:267,2
DA:270,0
DA:271,0
DA:272,0
DA:275,0
DA:276,0
DA:277,0
DA:280,0
DA:281,0
DA:282,0
DA:285,0
DA:286,0
DA:287,0
DA:290,0
DA:292,2
DA:296,5
DA:304,13
DA:305,6
DA:306,3
DA:308,6
DA:309,6
DA:310,2
DA:314,3
DA:315,6
DA:316,2
DA:319,0
DA:320,0
DA:321,0
DA:324,0
DA:325,0
DA:326,0
DA:329,0
DA:330,0
DA:331,0
DA:334,0
DA:335,0
DA:336,0
DA:339,0
DA:342,1
DA:346,19
DA:347,76
DA:348,38
DA:349,5
DA:352,28
DA:353,28
DA:354,28
DA:355,1
DA:359,65
DA:360,26
DA:361,0
DA:365,17
DA:366,4
DA:370,18
DA:371,62
DA:372,8
DA:376,18
DA:377,180
DA:378,27
DA:381,27
DA:386,8
DA:388,16
DA:392,8
DA:400,11
DA:410,22
DA:411,33
DA:412,22
DA:413,11
DA:415,11
DA:416,11
DA:418,33
DA:419,33
DA:420,11
DA:421,11
DA:422,22
DA:424,55
DA:425,66
LF:188
LH:93
end_of_record
TN:
SF:/Users/forge18/Repos/typedlua-lsp/src/features/navigation/hover.rs
FN:15,HoverProvider::new
FN:20,HoverProvider::provide_impl
FN:42,HoverProvider::hover_for_symbol
FN:82,HoverProvider::format_type
FN:121,HoverProvider::get_word_at_position
FN:160,HoverProvider::hover_for_keyword
FN:229,HoverProvider::hover_for_builtin_type
FN:253,<impl HoverProviderTrait for HoverProvider>::provide
FNF:8
FNDA:44,HoverProvider::new
FNDA:20,HoverProvider::provide_impl
FNDA:12,HoverProvider::hover_for_symbol
FNDA:2,HoverProvider::format_type
FNDA:20,HoverProvider::get_word_at_position
FNDA:80,HoverProvider::hover_for_keyword
FNDA:38,HoverProvider::hover_for_builtin_type
FNDA:20,<impl HoverProviderTrait for HoverProvider>::provide
DA:15,44
DA:16,44
DA:20,20
DA:22,100
DA:25,24
DA:26,0
DA:29,24
DA:30,0
DA:34,38
DA:35,2
DA:38,10
DA:42,12
DA:44,36
DA:45,36
DA:46,60
DA:47,48
DA:49,72
DA:50,48
DA:52,60
DA:53,58
DA:56,10
DA:59,8
DA:60,4
DA:61,0
DA:62,2
DA:63,0
DA:64,0
DA:65,0
DA:66,0
DA:67,0
DA:68,0
DA:69,0
DA:72,2
DA:73,2
DA:74,4
DA:75,2
DA:77,2
DA:82,2
DA:85,2
DA:86,0
DA:87,0
DA:88,4
DA:89,0
DA:90,0
DA:91,0
DA:92,0
DA:93,0
DA:94,0
DA:95,0
DA:96,0
DA:97,0
DA:98,0
DA:99,0
DA:100,0
DA:101,0
DA:102,0
DA:103,0
DA:104,0
DA:105,0
DA:106,0
DA:107,0
DA:108,0
DA:109,0
DA:110,0
DA:111,0
DA:112,0
DA:113,0
DA:114,0
DA:115,0
DA:116,0
DA:121,20
DA:122,80
DA:123,40
DA:124,4
DA:127,32
DA:128,32
DA:129,32
DA:130,0
DA:134,80
DA:135,32
DA:136,0
DA:140,20
DA:141,4
DA:145,24
DA:146,78
DA:147,12
DA:151,24
DA:152,254
DA:153,40
DA:156,36
DA:160,80
DA:161,212
DA:162,82
DA:163,2
DA:164,2
DA:166,80
DA:167,2
DA:168,2
DA:170,78
DA:171,2
DA:172,2
DA:174,80
DA:175,6
DA:176,6
DA:178,70
DA:179,68
DA:180,66
DA:181,64
DA:182,60
DA:183,62
DA:184,60
DA:185,58
DA:186,56
DA:187,54
DA:188,52
DA:189,50
DA:190,48
DA:191,44
DA:192,44
DA:193,44
DA:194,44
DA:195,44
DA:196,44
DA:197,44
DA:198,46
DA:199,44
DA:200,42
DA:201,42
DA:202,34
DA:203,34
DA:204,36
DA:205,34
DA:206,32
DA:207,30
DA:208,26
DA:209,28
DA:210,26
DA:211,24
DA:212,22
DA:213,20
DA:214,16
DA:215,18
DA:216,14
DA:219,66
DA:220,66
DA:221,132
DA:222,66
DA:224,66
DA:229,38
DA:230,62
DA:231,42
DA:232,36
DA:233,38
DA:234,28
DA:235,28
DA:236,22
DA:237,20
DA:238,18
DA:239,14
DA:242,24
DA:243,24
DA:244,48
DA:245,24
DA:247,24
DA:253,20
DA:254,80
LF:166
LH:124
end_of_record
TN:
SF:/Users/forge18/Repos/typedlua-lsp/src/features/navigation/references.rs
FN:21,ReferencesProvider::new
FN:26,ReferencesProvider::provide_impl
FN:62,ReferencesProvider::find_references_in_statements
FN:74,ReferencesProvider::find_references_in_statement
FN:108,ReferencesProvider::find_references_in_function
FN:128,ReferencesProvider::find_references_in_block
FN:140,ReferencesProvider::find_references_in_arguments
FN:152,ReferencesProvider::find_references_in_expression
FN:209,ReferencesProvider::get_word_at_position
FN:243,ReferencesProvider::find_declaration
FN:271,span_to_range
FN:285,<impl ReferencesProviderTrait for ReferencesProvider>::provide
FNF:12
FNDA:20,ReferencesProvider::new
FNDA:19,ReferencesProvider::provide_impl
FNDA:11,ReferencesProvider::find_references_in_statements
FNDA:24,ReferencesProvider::find_references_in_statement
FNDA:5,ReferencesProvider::find_references_in_function
FNDA:5,ReferencesProvider::find_references_in_block
FNDA:2,ReferencesProvider::find_references_in_arguments
FNDA:4,ReferencesProvider::find_references_in_expression
FNDA:19,ReferencesProvider::get_word_at_position
FNDA:10,ReferencesProvider::find_declaration
FNDA:21,span_to_range
FNDA:19,<impl ReferencesProviderTrait for ReferencesProvider>::provide
DA:21,20
DA:22,20
DA:26,19
DA:34,95
DA:36,33
DA:37,33
DA:38,55
DA:39,44
DA:41,66
DA:42,44
DA:44,22
DA:45,66
DA:47,11
DA:48,56
DA:49,24
DA:51,8
DA:52,24
DA:53,8
DA:59,11
DA:62,11
DA:69,74
DA:70,105
DA:74,24
DA:81,24
DA:82,15
DA:83,30
DA:84,34
DA:85,12
DA:86,16
DA:87,4
DA:92,5
DA:93,15
DA:94,15
DA:95,20
DA:96,5
DA:99,30
DA:101,4
DA:102,10
DA:104,2
DA:108,5
DA:115,9
DA:116,4
DA:117,4
DA:118,0
DA:119,0
DA:120,0
DA:125,30
DA:128,5
DA:135,14
DA:136,15
DA:140,2
DA:147,2
DA:148,0
DA:152,4
DA:159,4
DA:160,2
DA:161,6
DA:162,6
DA:163,8
DA:164,2
DA:168,8
DA:169,14
DA:170,10
DA:172,0
DA:173,0
DA:174,0
DA:176,0
DA:177,0
DA:178,0
DA:179,0
DA:180,0
DA:181,0
DA:182,0
DA:183,0
DA:186,0
DA:188,0
DA:189,0
DA:190,0
DA:192,0
DA:193,0
DA:198,0
DA:199,0
DA:200,0
DA:202,0
DA:203,0
DA:205,0
DA:209,19
DA:210,76
DA:211,38
DA:212,5
DA:215,28
DA:216,28
DA:217,28
DA:218,1
DA:221,65
DA:222,26
DA:223,0
DA:226,15
DA:227,2
DA:230,22
DA:231,48
DA:232,4
DA:235,22
DA:236,235
DA:237,36
DA:240,33
DA:243,10
DA:249,22
DA:250,10
DA:251,5
DA:252,10
DA:253,10
DA:254,3
DA:258,5
DA:259,10
DA:260,5
DA:263,0
DA:266,2
DA:271,21
DA:273,42
DA:277,21
DA:285,19
DA:292,38
DA:293,38
DA:294,19
DA:295,19
DA:296,19
DA:297,19
DA:298,19
LF:129
LH:100
end_of_record
TN:
SF:/Users/forge18/Repos/typedlua-lsp/src/features/semantic/semantic_lexeme.rs
FN:21,SemanticTokensProvider::new
FN:50,SemanticTokensProvider::provide_full
FN:105,SemanticTokensProvider::provide_range
FN:115,SemanticTokensProvider::provide_full_delta
FN:129,SemanticTokensProvider::get_token_type_index
FN:137,SemanticTokensProvider::encode_modifiers
FN:154,SemanticTokensProvider::create_token
FN:173,SemanticTokensProvider::classify_token
FN:187,SemanticTokensProvider::collect_tokens_from_statement
FN:332,SemanticTokensProvider::collect_tokens_from_class_member
FN:401,SemanticTokensProvider::collect_tokens_from_expression
FN:477,SemanticTokensProvider::add_token
FNF:12
FNDA:12,SemanticTokensProvider::new
FNDA:12,SemanticTokensProvider::provide_full
FNDA:0,SemanticTokensProvider::provide_range
FNDA:0,SemanticTokensProvider::provide_full_delta
FNDA:22,SemanticTokensProvider::get_token_type_index
FNDA:34,SemanticTokensProvider::encode_modifiers
FNDA:0,SemanticTokensProvider::create_token
FNDA:0,SemanticTokensProvider::classify_token
FNDA:16,SemanticTokensProvider::collect_tokens_from_statement
FNDA:0,SemanticTokensProvider::collect_tokens_from_class_member
FNDA:6,SemanticTokensProvider::collect_tokens_from_expression
FNDA:18,SemanticTokensProvider::add_token
DA:21,12
DA:23,24
DA:38,24
DA:50,12
DA:52,36
DA:53,36
DA:54,24
DA:55,12
DA:56,60
DA:57,24
DA:58,24
DA:60,0
DA:61,0
DA:62,0
DA:67,72
DA:68,24
DA:69,24
DA:71,0
DA:72,0
DA:73,0
DA:79,24
DA:80,24
DA:81,24
DA:83,54
DA:84,42
DA:85,28
DA:86,28
DA:87,14
DA:88,14
DA:93,24
DA:105,0
DA:110,0
DA:115,0
DA:124,0
DA:129,22
DA:130,22
DA:131,22
DA:132,262
DA:133,22
DA:137,34
DA:138,68
DA:139,102
DA:140,224
DA:141,34
DA:144,34
DA:154,0
DA:162,0
DA:163,0
DA:164,0
DA:165,0
DA:166,0
DA:167,0
DA:173,0
DA:183,0
DA:187,16
DA:194,16
DA:195,10
DA:196,20
DA:197,20
DA:198,2
DA:199,2
DA:200,2
DA:203,16
DA:206,20
DA:207,10
DA:208,10
DA:209,10
DA:210,10
DA:211,10
DA:212,10
DA:216,2
DA:217,4
DA:218,2
DA:219,2
DA:220,2
DA:221,2
DA:222,2
DA:223,2
DA:227,8
DA:228,10
DA:231,2
DA:232,4
DA:233,2
DA:234,2
DA:235,2
DA:236,2
DA:237,2
DA:238,2
DA:242,2
DA:243,0
DA:246,0
DA:247,0
DA:248,0
DA:249,0
DA:250,0
DA:251,0
DA:252,0
DA:253,0
DA:256,0
DA:257,0
DA:258,0
DA:259,0
DA:260,0
DA:261,0
DA:262,0
DA:263,0
DA:266,0
DA:267,0
DA:268,0
DA:269,0
DA:270,0
DA:271,0
DA:272,0
DA:273,0
DA:276,0
DA:277,0
DA:279,0
DA:280,0
DA:281,0
DA:282,0
DA:283,0
DA:284,0
DA:286,0
DA:287,0
DA:289,0
DA:290,0
DA:291,0
DA:292,0
DA:293,0
DA:294,0
DA:296,0
DA:297,0
DA:300,0
DA:301,0
DA:302,0
DA:306,0
DA:307,0
DA:308,0
DA:309,0
DA:310,0
DA:311,0
DA:313,0
DA:314,0
DA:317,2
DA:318,8
DA:319,10
DA:322,0
DA:323,0
DA:324,0
DA:327,0
DA:332,0
DA:339,0
DA:340,0
DA:341,0
DA:342,0
DA:343,0
DA:345,0
DA:346,0
DA:349,0
DA:350,0
DA:351,0
DA:352,0
DA:353,0
DA:354,0
DA:355,0
DA:358,0
DA:359,0
DA:360,0
DA:361,0
DA:364,0
DA:365,0
DA:366,0
DA:367,0
DA:368,0
DA:369,0
DA:370,0
DA:373,0
DA:374,0
DA:375,0
DA:376,0
DA:377,0
DA:378,0
DA:379,0
DA:380,0
DA:383,0
DA:384,0
DA:385,0
DA:386,0
DA:387,0
DA:388,0
DA:389,0
DA:391,0
DA:392,0
DA:393,0
DA:396,0
DA:401,6
DA:408,6
DA:409,8
DA:410,12
DA:411,8
DA:412,8
DA:413,8
DA:414,8
DA:415,4
DA:416,4
DA:419,0
DA:421,0
DA:422,0
DA:423,0
DA:424,0
DA:425,0
DA:426,0
DA:427,0
DA:428,0
DA:431,0
DA:434,0
DA:435,0
DA:438,0
DA:439,0
DA:440,0
DA:441,0
DA:442,0
DA:443,0
DA:444,0
DA:445,0
DA:446,0
DA:449,6
DA:450,14
DA:451,10
DA:453,0
DA:454,0
DA:456,0
DA:457,0
DA:458,0
DA:460,0
DA:461,0
DA:462,0
DA:464,0
DA:465,0
DA:466,0
DA:467,0
DA:469,0
DA:470,0
DA:472,0
DA:477,18
DA:486,54
DA:487,54
DA:488,54
DA:491,72
DA:492,36
DA:493,48
DA:495,2
DA:498,54
DA:499,36
DA:500,36
DA:501,36
DA:502,72
DA:503,36
DA:507,18
DA:508,18
LF:260
LH:102
end_of_record
TN:
SF:/Users/forge18/Repos/typedlua-lsp/src/features/semantic/semantic_tokens.rs
FN:21,SemanticTokensProvider::new
FN:50,SemanticTokensProvider::provide_full
FN:103,SemanticTokensProvider::provide_range
FN:113,SemanticTokensProvider::provide_full_delta
FN:127,SemanticTokensProvider::get_token_type_index
FN:135,SemanticTokensProvider::encode_modifiers
FN:152,SemanticTokensProvider::create_token
FN:171,SemanticTokensProvider::classify_token
FN:185,SemanticTokensProvider::collect_tokens_from_statement
FN:330,SemanticTokensProvider::collect_tokens_from_class_member
FN:399,SemanticTokensProvider::collect_tokens_from_expression
FN:475,SemanticTokensProvider::add_token
FNF:12
FNDA:47,SemanticTokensProvider::new
FNDA:35,SemanticTokensProvider::provide_full
FNDA:4,SemanticTokensProvider::provide_range
FNDA:4,SemanticTokensProvider::provide_full_delta
FNDA:38,SemanticTokensProvider::get_token_type_index
FNDA:50,SemanticTokensProvider::encode_modifiers
FNDA:0,SemanticTokensProvider::create_token
FNDA:0,SemanticTokensProvider::classify_token
FNDA:30,SemanticTokensProvider::collect_tokens_from_statement
FNDA:2,SemanticTokensProvider::collect_tokens_from_class_member
FNDA:10,SemanticTokensProvider::collect_tokens_from_expression
FNDA:34,SemanticTokensProvider::add_token
DA:21,47
DA:23,94
DA:38,94
DA:50,35
DA:52,105
DA:53,105
DA:54,175
DA:55,70
DA:56,70
DA:58,0
DA:59,0
DA:60,0
DA:65,210
DA:66,70
DA:67,70
DA:69,0
DA:70,0
DA:71,0
DA:77,70
DA:78,70
DA:79,70
DA:81,119
DA:82,84
DA:83,56
DA:84,56
DA:85,28
DA:86,28
DA:91,70
DA:103,4
DA:108,4
DA:113,4
DA:122,4
DA:127,38
DA:128,38
DA:129,38
DA:130,466
DA:131,38
DA:135,50
DA:136,100
DA:137,142
DA:138,296
DA:139,46
DA:142,50
DA:152,0
DA:160,0
DA:161,0
DA:162,0
DA:163,0
DA:164,0
DA:165,0
DA:171,0
DA:181,0
DA:185,30
DA:192,30
DA:193,17
DA:194,34
DA:195,34
DA:196,2
DA:197,2
DA:198,2
DA:201,30
DA:204,34
DA:205,17
DA:206,17
DA:207,17
DA:208,17
DA:209,17
DA:210,17
DA:214,3
DA:215,6
DA:216,3
DA:217,3
DA:218,3
DA:219,3
DA:220,3
DA:221,3
DA:225,9
DA:226,10
DA:229,4
DA:230,8
DA:231,4
DA:232,4
DA:233,4
DA:234,4
DA:235,4
DA:236,4
DA:240,10
DA:241,10
DA:244,0
DA:245,0
DA:246,0
DA:247,0
DA:248,0
DA:249,0
DA:250,0
DA:251,0
DA:254,0
DA:255,0
DA:256,0
DA:257,0
DA:258,0
DA:259,0
DA:260,0
DA:261,0
DA:264,0
DA:265,0
DA:266,0
DA:267,0
DA:268,0
DA:269,0
DA:270,0
DA:271,0
DA:274,8
DA:275,20
DA:277,0
DA:278,0
DA:279,0
DA:280,0
DA:281,0
DA:282,0
DA:284,0
DA:285,0
DA:287,0
DA:288,0
DA:289,0
DA:290,0
DA:291,0
DA:292,0
DA:294,0
DA:295,0
DA:298,0
DA:299,0
DA:300,0
DA:304,0
DA:305,0
DA:306,0
DA:307,0
DA:308,0
DA:309,0
DA:311,0
DA:312,0
DA:315,2
DA:316,8
DA:317,10
DA:320,0
DA:321,0
DA:322,0
DA:325,0
DA:330,2
DA:337,2
DA:338,2
DA:339,6
DA:340,2
DA:341,0
DA:343,2
DA:344,0
DA:347,4
DA:348,2
DA:349,2
DA:350,2
DA:351,2
DA:352,2
DA:353,2
DA:356,0
DA:357,0
DA:358,0
DA:359,0
DA:362,0
DA:363,0
DA:364,0
DA:365,0
DA:366,0
DA:367,0
DA:368,0
DA:371,0
DA:372,0
DA:373,0
DA:374,0
DA:375,0
DA:376,0
DA:377,0
DA:378,0
DA:381,0
DA:382,0
DA:383,0
DA:384,0
DA:385,0
DA:386,0
DA:387,0
DA:389,0
DA:390,0
DA:391,0
DA:394,0
DA:399,10
DA:406,10
DA:407,12
DA:408,18
DA:409,12
DA:410,12
DA:411,12
DA:412,12
DA:413,6
DA:414,6
DA:417,6
DA:419,4
DA:420,6
DA:421,4
DA:422,4
DA:423,4
DA:424,4
DA:425,2
DA:426,2
DA:429,0
DA:432,2
DA:433,0
DA:436,0
DA:437,0
DA:438,0
DA:439,0
DA:440,0
DA:441,0
DA:442,0
DA:443,0
DA:444,0
DA:447,6
DA:448,14
DA:449,10
DA:451,0
DA:452,0
DA:454,0
DA:455,0
DA:456,0
DA:458,0
DA:459,0
DA:460,0
DA:462,0
DA:463,0
DA:464,0
DA:465,0
DA:467,0
DA:468,0
DA:470,0
DA:475,34
DA:484,102
DA:485,102
DA:486,102
DA:489,136
DA:490,68
DA:491,90
DA:493,4
DA:496,102
DA:497,68
DA:498,68
DA:499,68
DA:500,136
DA:501,68
DA:505,34
DA:506,34
LF:258
LH:130
end_of_record
TN:
SF:/Users/forge18/Repos/typedlua-lsp/src/features/structure/folding_range.rs
FN:9,FoldingRangeProvider::new
FN:14,FoldingRangeProvider::provide
FN:33,FoldingRangeProvider::find_block_ranges
FN:84,FoldingRangeProvider::find_comment_ranges
FN:121,FoldingRangeProvider::is_block_start
FN:134,FoldingRangeProvider::get_block_kind
FNF:6
FNDA:55,FoldingRangeProvider::new
FNDA:45,FoldingRangeProvider::provide
FNDA:45,FoldingRangeProvider::find_block_ranges
FNDA:45,FoldingRangeProvider::find_comment_ranges
FNDA:165,FoldingRangeProvider::is_block_start
FNDA:39,FoldingRangeProvider::get_block_kind
DA:9,55
DA:10,55
DA:14,45
DA:15,90
DA:26,180
DA:27,180
DA:29,45
DA:33,45
DA:34,180
DA:35,135
DA:37,368
DA:38,417
DA:41,446
DA:42,145
DA:43,87
DA:46,220
DA:47,75
DA:49,50
DA:50,75
DA:51,50
DA:52,50
DA:53,50
DA:54,50
DA:55,25
DA:56,25
DA:62,332
DA:63,24
DA:64,16
DA:65,24
DA:66,16
DA:67,16
DA:68,16
DA:69,16
DA:70,8
DA:71,8
DA:77,308
DA:78,24
DA:84,45
DA:85,180
DA:86,90
DA:87,90
DA:89,368
DA:90,417
DA:92,139
DA:94,258
DA:95,4
DA:96,4
DA:99,246
DA:104,24
DA:105,8
DA:106,12
DA:107,8
DA:108,8
DA:109,8
DA:110,8
DA:111,4
DA:112,4
DA:115,4
DA:121,165
DA:122,330
DA:123,310
DA:124,302
DA:125,294
DA:126,290
DA:127,282
DA:128,274
DA:129,260
DA:130,248
DA:131,236
DA:134,39
DA:135,78
DA:136,8
DA:137,116
DA:138,4
DA:139,100
DA:140,4
DA:141,46
DA:142,7
DA:143,32
DA:144,6
DA:146,10
LF:81
LH:81
end_of_record
TN:
SF:/Users/forge18/Repos/typedlua-lsp/src/features/structure/selection_range.rs
FN:9,SelectionRangeProvider::new
FN:14,SelectionRangeProvider::provide
FN:22,SelectionRangeProvider::get_selection_range_at_position
FN:71,SelectionRangeProvider::get_word_range
FN:103,SelectionRangeProvider::get_line_range
FN:127,SelectionRangeProvider::get_bracket_range
FN:163,SelectionRangeProvider::find_closing_bracket
FN:191,SelectionRangeProvider::is_identifier_char
FN:196,SelectionRangeProvider::position_to_offset
FN:212,SelectionRangeProvider::offset_range_to_lsp_range
FN:228,SelectionRangeProvider::offset_to_position
FNF:11
FNDA:36,SelectionRangeProvider::new
FNDA:0,SelectionRangeProvider::provide
FNDA:32,SelectionRangeProvider::get_selection_range_at_position
FNDA:28,SelectionRangeProvider::get_word_range
FNDA:24,SelectionRangeProvider::get_line_range
FNDA:24,SelectionRangeProvider::get_bracket_range
FNDA:2,SelectionRangeProvider::find_closing_bracket
FNDA:166,SelectionRangeProvider::is_identifier_char
FNDA:32,SelectionRangeProvider::position_to_offset
FNDA:50,SelectionRangeProvider::offset_range_to_lsp_range
FNDA:100,SelectionRangeProvider::offset_to_position
DA:9,36
DA:10,36
DA:14,0
DA:15,0
DA:17,0
DA:22,32
DA:37,160
DA:38,56
DA:41,140
DA:43,120
DA:48,120
DA:50,120
DA:51,24
DA:55,74
DA:57,4
DA:62,2
DA:64,2
DA:67,22
DA:71,28
DA:72,56
DA:73,0
DA:76,140
DA:77,56
DA:78,0
DA:82,56
DA:83,56
DA:86,302
DA:87,38
DA:91,572
DA:92,72
DA:95,28
DA:96,24
DA:98,4
DA:103,24
DA:104,48
DA:105,0
DA:108,48
DA:109,48
DA:111,120
DA:114,710
DA:115,226
DA:119,1048
DA:120,248
DA:123,24
DA:127,24
DA:128,120
DA:129,48
DA:130,0
DA:134,48
DA:135,48
DA:136,120
DA:138,358
DA:139,336
DA:140,672
DA:142,3346
DA:143,1010
DA:144,6
DA:145,1004
DA:146,8
DA:149,12
DA:150,2
DA:153,6
DA:159,22
DA:163,2
DA:170,10
DA:171,4
DA:172,4
DA:174,56
DA:175,56
DA:176,32
DA:177,4
DA:178,28
DA:179,4
DA:180,4
DA:181,2
DA:184,26
DA:187,0
DA:191,166
DA:192,390
DA:196,32
DA:197,64
DA:198,64
DA:200,104
DA:201,40
DA:202,28
DA:204,12
DA:205,12
DA:208,4
DA:212,50
DA:218,250
DA:219,250
DA:221,50
DA:222,50
DA:223,50
DA:228,100
DA:229,200
DA:230,200
DA:232,340
DA:233,420
DA:234,140
DA:235,100
DA:236,200
DA:237,100
DA:240,40
DA:241,40
DA:244,0
LF:106
LH:97
end_of_record
TN:
SF:/Users/forge18/Repos/typedlua-lsp/src/features/structure/symbols.rs
FN:16,SymbolsProvider::new
FN:21,SymbolsProvider::provide_impl
FN:50,SymbolsProvider::extract_symbol_from_statement
FN:168,SymbolsProvider::extract_symbol_from_class_member
FN:267,span_to_range
FN:490,<impl SymbolsProviderTrait for SymbolsProvider>::provide
FNF:6
FNDA:28,SymbolsProvider::new
FNDA:34,SymbolsProvider::provide_impl
FNDA:39,SymbolsProvider::extract_symbol_from_statement
FNDA:1,SymbolsProvider::extract_symbol_from_class_member
FNDA:68,span_to_range
FNDA:34,<impl SymbolsProviderTrait for SymbolsProvider>::provide
DA:16,28
DA:17,28
DA:21,34
DA:23,102
DA:24,102
DA:25,170
DA:26,68
DA:27,68
DA:28,0
DA:31,204
DA:32,68
DA:33,68
DA:34,0
DA:38,68
DA:39,96
DA:40,151
DA:41,58
DA:45,34
DA:50,39
DA:57,39
DA:58,11
DA:59,22
DA:60,22
DA:62,2
DA:65,9
DA:69,11
DA:70,44
DA:71,22
DA:72,22
DA:73,22
DA:74,22
DA:75,33
DA:76,22
DA:77,11
DA:80,0
DA:83,15
DA:84,30
DA:87,31
DA:88,32
DA:89,8
DA:94,45
DA:95,15
DA:97,15
DA:98,15
DA:99,30
DA:100,30
DA:101,30
DA:102,11
DA:104,4
DA:108,3
DA:109,6
DA:112,5
DA:113,5
DA:114,2
DA:119,9
DA:120,3
DA:122,3
DA:123,3
DA:124,6
DA:125,6
DA:126,6
DA:127,2
DA:129,1
DA:133,0
DA:134,0
DA:135,0
DA:136,0
DA:137,0
DA:138,0
DA:139,0
DA:140,0
DA:141,0
DA:143,4
DA:144,8
DA:145,4
DA:146,2
DA:147,4
DA:148,4
DA:149,6
DA:150,4
DA:151,2
DA:153,4
DA:154,8
DA:155,4
DA:156,2
DA:157,4
DA:158,4
DA:159,6
DA:160,4
DA:161,2
DA:163,6
DA:168,1
DA:173,1
DA:174,2
DA:175,4
DA:176,2
DA:177,1
DA:178,2
DA:179,2
DA:180,3
DA:181,2
DA:182,1
DA:184,0
DA:185,0
DA:186,0
DA:187,0
DA:188,0
DA:189,0
DA:190,0
DA:191,0
DA:192,0
DA:194,0
DA:195,0
DA:196,0
DA:197,0
DA:198,0
DA:199,0
DA:200,0
DA:201,0
DA:202,0
DA:204,0
DA:205,0
DA:206,0
DA:207,0
DA:208,0
DA:209,0
DA:210,0
DA:211,0
DA:212,0
DA:214,0
DA:215,0
DA:216,0
DA:217,0
DA:218,0
DA:219,0
DA:220,0
DA:221,0
DA:222,0
DA:224,0
DA:225,0
DA:226,0
DA:227,0
DA:228,0
DA:229,0
DA:230,0
DA:231,0
DA:232,0
DA:233,0
DA:234,0
DA:235,0
DA:236,0
DA:237,0
DA:238,0
DA:239,0
DA:240,0
DA:241,0
DA:242,0
DA:243,0
DA:244,0
DA:245,0
DA:246,0
DA:247,0
DA:248,0
DA:249,0
DA:251,0
DA:252,0
DA:253,0
DA:254,0
DA:255,0
DA:256,0
DA:257,0
DA:258,0
DA:259,0
DA:267,68
DA:269,136
DA:273,68
DA:490,34
DA:491,68
LF:178
LH:95
end_of_record
TN:
SF:/Users/forge18/Repos/typedlua-lsp/src/impls/compiler_bridge.rs
FN:34,CoreModuleIdentifier::new
FN:38,CoreModuleIdentifier::inner
FN:42,CoreModuleIdentifier::into_inner
FN:48,<impl ModuleIdentifier for CoreModuleIdentifier>::from_path
FN:54,<impl ModuleIdentifier for CoreModuleIdentifier>::path
FN:58,<impl ModuleIdentifier for CoreModuleIdentifier>::as_str
FN:70,CoreModuleResolver::new
FN:76,<impl ModuleResolver for CoreModuleResolver>::resolve
FN:91,CoreModuleRegistry::new
FN:95,CoreModuleRegistry::inner
FN:101,<impl ModuleRegistry for CoreModuleRegistry>::has_module
FN:108,<impl ModuleRegistry for CoreModuleRegistry>::all_modules
FN:128,CoreSymbolStore::new
FN:138,CoreSymbolStore::convert_symbol
FN:152,<impl SymbolStore for CoreSymbolStore>::get_symbol_at_position
FN:163,<impl SymbolStore for CoreSymbolStore>::all_symbols
FN:178,CoreTypeChecker::new
FN:186,<impl Default for CoreTypeChecker>::default
FN:192,<impl TypeChecker for CoreTypeChecker>::check_document
FN:300,CoreDiagnosticCollector::new
FN:308,<impl Default for CoreDiagnosticCollector>::default
FN:314,<impl DiagnosticCollector for CoreDiagnosticCollector>::collect_diagnostics
FN:357,convert_span
FN:366,convert_symbol_kind
FN:381,convert_diagnostic
FNF:25
FNDA:0,CoreModuleIdentifier::new
FNDA:2,CoreModuleIdentifier::inner
FNDA:2,CoreModuleIdentifier::into_inner
FNDA:6,<impl ModuleIdentifier for CoreModuleIdentifier>::from_path
FNDA:2,<impl ModuleIdentifier for CoreModuleIdentifier>::path
FNDA:2,<impl ModuleIdentifier for CoreModuleIdentifier>::as_str
FNDA:0,CoreModuleResolver::new
FNDA:0,<impl ModuleResolver for CoreModuleResolver>::resolve
FNDA:0,CoreModuleRegistry::new
FNDA:0,CoreModuleRegistry::inner
FNDA:0,<impl ModuleRegistry for CoreModuleRegistry>::has_module
FNDA:0,<impl ModuleRegistry for CoreModuleRegistry>::all_modules
FNDA:12,CoreSymbolStore::new
FNDA:6,CoreSymbolStore::convert_symbol
FNDA:2,<impl SymbolStore for CoreSymbolStore>::get_symbol_at_position
FNDA:2,<impl SymbolStore for CoreSymbolStore>::all_symbols
FNDA:12,CoreTypeChecker::new
FNDA:2,<impl Default for CoreTypeChecker>::default
FNDA:8,<impl TypeChecker for CoreTypeChecker>::check_document
FNDA:12,CoreDiagnosticCollector::new
FNDA:2,<impl Default for CoreDiagnosticCollector>::default
FNDA:8,<impl DiagnosticCollector for CoreDiagnosticCollector>::collect_diagnostics
FNDA:14,convert_span
FNDA:28,convert_symbol_kind
FNDA:4,convert_diagnostic
DA:34,0
DA:38,2
DA:39,2
DA:42,2
DA:43,2
DA:48,6
DA:50,6
DA:54,2
DA:55,2
DA:58,2
DA:59,2
DA:70,0
DA:76,0
DA:77,0
DA:78,0
DA:79,0
DA:80,0
DA:91,0
DA:95,0
DA:96,0
DA:101,0
DA:103,0
DA:104,0
DA:105,0
DA:108,0
DA:111,0
DA:128,12
DA:129,24
DA:132,30
DA:138,6
DA:141,18
DA:142,18
DA:143,12
DA:144,18
DA:145,12
DA:146,12
DA:152,2
DA:154,2
DA:156,2
DA:157,0
DA:158,0
DA:163,2
DA:164,4
DA:178,12
DA:186,2
DA:187,2
DA:192,8
DA:194,24
DA:197,24
DA:201,8
DA:202,16
DA:203,8
DA:205,16
DA:206,16
DA:210,0
DA:213,0
DA:216,0
DA:217,0
DA:218,0
DA:225,8
DA:226,16
DA:227,8
DA:228,8
DA:231,16
DA:232,16
DA:236,0
DA:239,0
DA:242,0
DA:243,0
DA:244,0
DA:251,16
DA:252,8
DA:253,8
DA:254,8
DA:256,16
DA:259,16
DA:262,8
DA:265,8
DA:266,32
DA:270,8
DA:275,0
DA:278,0
DA:300,12
DA:308,2
DA:309,2
DA:314,8
DA:315,24
DA:316,24
DA:319,8
DA:320,16
DA:321,8
DA:323,16
DA:324,16
DA:328,0
DA:329,0
DA:330,0
DA:331,0
DA:332,0
DA:337,8
DA:338,16
DA:339,8
DA:340,8
DA:342,24
DA:345,8
DA:348,8
DA:357,14
DA:359,28
DA:360,28
DA:361,14
DA:362,14
DA:366,28
DA:368,28
DA:369,8
DA:370,2
DA:371,6
DA:372,2
DA:373,2
DA:374,2
DA:375,2
DA:376,2
DA:377,2
DA:381,4
DA:384,8
DA:385,4
DA:386,0
DA:387,0
DA:390,12
DA:392,24
DA:394,8
DA:395,8
DA:398,4
DA:399,0
DA:400,0
DA:401,0
DA:405,4
LF:135
LH:95
end_of_record
TN:
SF:/Users/forge18/Repos/typedlua-lsp/src/main.rs
FN:30,<impl LspConnection for ConnectionWrapper<'_>>::send_response
FN:35,<impl LspConnection for ConnectionWrapper<'_>>::send_notification
FN:41,main
FN:149,main_loop
FNF:4
FNDA:0,<impl LspConnection for ConnectionWrapper<'_>>::send_response
FNDA:0,<impl LspConnection for ConnectionWrapper<'_>>::send_notification
FNDA:0,main
FNDA:0,main_loop
DA:30,0
DA:31,0
DA:32,0
DA:35,0
DA:36,0
DA:37,0
DA:41,0
DA:42,0
DA:43,0
DA:44,0
DA:47,0
DA:49,0
DA:50,0
DA:51,0
DA:53,0
DA:54,0
DA:55,0
DA:56,0
DA:57,0
DA:58,0
DA:59,0
DA:60,0
DA:62,0
DA:63,0
DA:65,0
DA:66,0
DA:67,0
DA:68,0
DA:69,0
DA:71,0
DA:72,0
DA:73,0
DA:74,0
DA:75,0
DA:76,0
DA:77,0
DA:78,0
DA:79,0
DA:80,0
DA:82,0
DA:83,0
DA:85,0
DA:86,0
DA:87,0
DA:89,0
DA:90,0
DA:91,0
DA:92,0
DA:93,0
DA:94,0
DA:95,0
DA:96,0
DA:97,0
DA:98,0
DA:99,0
DA:100,0
DA:101,0
DA:102,0
DA:103,0
DA:104,0
DA:105,0
DA:106,0
DA:107,0
DA:108,0
DA:110,0
DA:111,0
DA:112,0
DA:113,0
DA:114,0
DA:115,0
DA:116,0
DA:119,0
DA:120,0
DA:121,0
DA:124,0
DA:125,0
DA:126,0
DA:127,0
DA:130,0
DA:131,0
DA:132,0
DA:134,0
DA:135,0
DA:139,0
DA:140,0
DA:142,0
DA:144,0
DA:146,0
DA:149,0
DA:151,0
DA:152,0
DA:153,0
DA:154,0
DA:156,0
DA:158,0
DA:159,0
DA:160,0
DA:162,0
DA:163,0
DA:164,0
DA:165,0
DA:166,0
DA:169,0
DA:170,0
DA:171,0
DA:172,0
DA:174,0
DA:175,0
DA:176,0
DA:177,0
DA:178,0
DA:180,0
DA:182,0
DA:183,0
DA:184,0
DA:185,0
DA:186,0
DA:189,0
DA:193,0
LF:119
LH:0
end_of_record
TN:
SF:/Users/forge18/Repos/typedlua-lsp/src/message_handler.rs
FN:43,BasicMessageHandler::new
FN:48,BasicMessageHandler::handle_notification
FN:105,BasicMessageHandler::publish_diagnostics
FN:122,BasicMessageHandler::cast_notification
FN:140,BasicMessageHandler::send_notification
FN:152,<impl Default for BasicMessageHandler>::default
FN:176,MessageHandler::new
FN:183,MessageHandler::with_container
FN:187,MessageHandler::register_services
FN:211,MessageHandler::handle_request
FN:577,MessageHandler::handle_notification
FN:636,MessageHandler::publish_diagnostics
FN:657,MessageHandler::cast_request
FN:676,MessageHandler::cast_notification
FN:694,MessageHandler::send_notification
FN:706,<impl Default for MessageHandler>::default
FNF:16
FNDA:8,BasicMessageHandler::new
FNDA:2,BasicMessageHandler::handle_notification
FNDA:2,BasicMessageHandler::publish_diagnostics
FNDA:8,BasicMessageHandler::cast_notification
FNDA:2,BasicMessageHandler::send_notification
FNDA:2,<impl Default for BasicMessageHandler>::default
FNDA:36,MessageHandler::new
FNDA:2,MessageHandler::with_container
FNDA:36,MessageHandler::register_services
FNDA:30,MessageHandler::handle_request
FNDA:4,MessageHandler::handle_notification
FNDA:4,MessageHandler::publish_diagnostics
FNDA:276,MessageHandler::cast_request
FNDA:4,MessageHandler::cast_notification
FNDA:4,MessageHandler::send_notification
FNDA:2,<impl Default for MessageHandler>::default
DA:43,8
DA:44,8
DA:48,2
DA:54,4
DA:55,0
DA:56,0
DA:57,0
DA:59,4
DA:62,4
DA:63,0
DA:64,0
DA:65,0
DA:67,4
DA:70,4
DA:71,0
DA:72,0
DA:73,0
DA:75,4
DA:78,4
DA:79,0
DA:80,0
DA:81,0
DA:84,0
DA:85,0
DA:86,0
DA:87,0
DA:88,0
DA:91,0
DA:93,4
DA:98,2
DA:105,2
DA:112,2
DA:113,2
DA:114,6
DA:115,2
DA:116,2
DA:119,2
DA:122,8
DA:127,24
DA:128,0
DA:129,16
DA:130,0
DA:131,0
DA:132,0
DA:133,0
DA:134,0
DA:140,2
DA:145,10
DA:146,6
DA:147,2
DA:152,2
DA:153,2
DA:176,36
DA:177,72
DA:178,72
DA:183,2
DA:187,36
DA:188,112
DA:189,110
DA:190,112
DA:191,110
DA:192,110
DA:193,108
DA:194,110
DA:195,110
DA:196,110
DA:197,110
DA:198,110
DA:199,72
DA:200,2
DA:201,36
DA:203,72
DA:204,2
DA:205,36
DA:207,110
DA:211,30
DA:217,60
DA:218,4
DA:219,4
DA:220,4
DA:222,8
DA:223,4
DA:224,4
DA:225,2
DA:226,2
DA:228,8
DA:229,6
DA:230,2
DA:232,56
DA:235,56
DA:236,8
DA:237,8
DA:238,8
DA:240,16
DA:241,8
DA:242,8
DA:243,12
DA:245,16
DA:246,12
DA:247,4
DA:249,48
DA:252,48
DA:253,4
DA:254,4
DA:255,4
DA:257,8
DA:258,4
DA:259,4
DA:260,2
DA:262,8
DA:263,6
DA:264,2
DA:266,44
DA:269,44
DA:270,4
DA:271,4
DA:272,4
DA:273,4
DA:275,8
DA:276,10
DA:277,0
DA:280,8
DA:281,6
DA:282,2
DA:284,40
DA:287,40
DA:288,0
DA:289,0
DA:290,0
DA:292,0
DA:293,0
DA:294,0
DA:295,0
DA:297,0
DA:298,0
DA:299,0
DA:301,40
DA:304,40
DA:305,0
DA:306,0
DA:307,0
DA:308,0
DA:310,0
DA:311,0
DA:312,0
DA:315,0
DA:316,0
DA:317,0
DA:319,40
DA:322,40
DA:323,4
DA:324,4
DA:326,8
DA:327,4
DA:328,4
DA:329,2
DA:331,8
DA:332,6
DA:333,2
DA:335,36
DA:338,36
DA:339,4
DA:340,4
DA:342,4
DA:343,8
DA:344,6
DA:345,2
DA:347,32
DA:350,32
DA:351,4
DA:352,4
DA:353,4
DA:355,8
DA:356,4
DA:357,4
DA:358,2
DA:360,8
DA:361,6
DA:362,2
DA:364,28
DA:367,28
DA:368,0
DA:369,0
DA:370,0
DA:371,0
DA:373,0
DA:374,0
DA:375,0
DA:376,0
DA:378,0
DA:379,0
DA:380,0
DA:382,28
DA:385,28
DA:386,4
DA:387,4
DA:388,4
DA:389,4
DA:391,2
DA:392,6
DA:393,4
DA:394,4
DA:395,2
DA:397,8
DA:398,6
DA:399,2
DA:401,24
DA:404,24
DA:405,4
DA:406,4
DA:407,4
DA:409,2
DA:410,6
DA:411,4
DA:412,4
DA:413,2
DA:415,8
DA:416,6
DA:417,2
DA:419,20
DA:422,20
DA:423,4
DA:424,4
DA:425,4
DA:427,8
DA:428,4
DA:429,4
DA:430,2
DA:432,8
DA:433,6
DA:434,2
DA:436,16
DA:439,16
DA:440,4
DA:441,4
DA:442,4
DA:444,2
DA:445,6
DA:446,4
DA:447,4
DA:448,2
DA:450,8
DA:451,6
DA:452,2
DA:454,12
DA:457,12
DA:458,4
DA:459,4
DA:461,2
DA:462,6
DA:463,4
DA:464,4
DA:465,2
DA:467,8
DA:468,6
DA:469,2
DA:471,8
DA:474,8
DA:475,4
DA:476,4
DA:478,2
DA:479,6
DA:480,4
DA:481,4
DA:482,2
DA:483,2
DA:485,8
DA:486,6
DA:487,2
DA:489,4
DA:492,4
DA:493,0
DA:494,0
DA:495,0
DA:497,0
DA:498,0
DA:499,0
DA:500,0
DA:501,0
DA:502,0
DA:504,0
DA:505,0
DA:506,0
DA:508,4
DA:511,4
DA:512,0
DA:513,0
DA:514,0
DA:516,0
DA:517,0
DA:518,0
DA:519,0
DA:520,0
DA:521,0
DA:523,0
DA:524,0
DA:525,0
DA:527,4
DA:530,4
DA:531,0
DA:532,0
DA:533,0
DA:534,0
DA:535,0
DA:536,0
DA:537,0
DA:539,4
DA:542,4
DA:543,0
DA:544,0
DA:545,0
DA:546,0
DA:547,0
DA:548,0
DA:550,4
DA:553,4
DA:554,0
DA:555,0
DA:556,0
DA:557,0
DA:558,0
DA:560,0
DA:561,0
DA:562,0
DA:563,0
DA:565,0
DA:566,0
DA:567,0
DA:569,4
DA:574,2
DA:577,4
DA:583,8
DA:584,4
DA:585,12
DA:586,12
DA:587,20
DA:588,4
DA:590,0
DA:593,0
DA:594,0
DA:595,0
DA:596,0
DA:597,0
DA:598,0
DA:600,0
DA:603,0
DA:604,0
DA:605,0
DA:606,0
DA:607,0
DA:608,0
DA:610,0
DA:613,0
DA:614,0
DA:615,0
DA:616,0
DA:619,0
DA:620,0
DA:621,0
DA:622,0
DA:623,0
DA:626,0
DA:628,0
DA:633,0
DA:636,4
DA:642,12
DA:643,16
DA:644,16
DA:646,4
DA:647,4
DA:648,12
DA:649,4
DA:650,4
DA:654,4
DA:657,276
DA:662,828
DA:663,56
DA:664,496
DA:665,0
DA:666,0
DA:667,0
DA:668,0
DA:669,0
DA:670,0
DA:676,4
DA:681,12
DA:682,8
DA:683,0
DA:684,0
DA:685,0
DA:686,0
DA:687,0
DA:688,0
DA:694,4
DA:699,20
DA:700,12
DA:701,4
DA:706,2
DA:707,2
LF:399
LH:255
end_of_record
TN:
SF:/Users/forge18/Repos/typedlua-lsp/src/testing/mocks.rs
FN:14,MockCompletionProvider::new
FN:20,<impl CompletionProviderTrait for MockCompletionProvider>::provide
FN:57,<impl CompletionProviderTrait for MockCompletionProvider>::resolve
FN:66,MockHoverProvider::new
FN:72,<impl HoverProviderTrait for MockHoverProvider>::provide
FN:104,MockDefinitionProvider::new
FN:110,<impl DefinitionProviderTrait for MockDefinitionProvider>::provide
FN:131,MockReferencesProvider::new
FN:137,<impl ReferencesProviderTrait for MockReferencesProvider>::provide
FN:152,MockRenameProvider::new
FN:158,<impl RenameProviderTrait for MockRenameProvider>::prepare
FN:165,<impl RenameProviderTrait for MockRenameProvider>::rename
FN:180,MockSymbolsProvider::new
FN:186,<impl SymbolsProviderTrait for MockSymbolsProvider>::provide
FN:195,MockFormattingProvider::new
FN:201,<impl FormattingProviderTrait for MockFormattingProvider>::format_document
FN:205,<impl FormattingProviderTrait for MockFormattingProvider>::format_range
FN:218,<impl FormattingProviderTrait for MockFormattingProvider>::format_on_type
FN:233,MockCodeActionsProvider::new
FN:239,<impl CodeActionsProviderTrait for MockCodeActionsProvider>::provide
FN:249,<impl CodeActionsProviderTrait for MockCodeActionsProvider>::resolve
FN:258,MockSignatureHelpProvider::new
FN:264,<impl SignatureHelpProviderTrait for MockSignatureHelpProvider>::provide
FN:282,MockInlayHintsProvider::new
FN:288,<impl InlayHintsProviderTrait for MockInlayHintsProvider>::provide
FN:292,<impl InlayHintsProviderTrait for MockInlayHintsProvider>::resolve
FN:301,MockSelectionRangeProvider::new
FN:307,<impl SelectionRangeProviderTrait for MockSelectionRangeProvider>::provide
FN:325,MockFoldingRangeProvider::new
FN:331,<impl FoldingRangeProviderTrait for MockFoldingRangeProvider>::provide
FN:347,MockSemanticTokensProvider::new
FN:353,<impl SemanticTokensProviderTrait for MockSemanticTokensProvider>::provide_full
FN:357,<impl SemanticTokensProviderTrait for MockSemanticTokensProvider>::provide_range
FN:361,<impl SemanticTokensProviderTrait for MockSemanticTokensProvider>::provide_full_delta
FN:377,MockDiagnosticsProvider::new
FN:383,<impl DiagnosticsProviderTrait for MockDiagnosticsProvider>::provide
FN:400,MockDocumentManager::new
FN:407,MockDocumentManager::add_document
FN:411,MockDocumentManager::get_text
FN:417,<impl DocumentManagerTrait for MockDocumentManager>::get
FN:421,<impl DocumentManagerTrait for MockDocumentManager>::symbol_index
FN:425,<impl DocumentManagerTrait for MockDocumentManager>::module_id_to_uri
FN:429,<impl DocumentManagerTrait for MockDocumentManager>::uri_to_module_id
FN:434,extract_word_at_position
FNF:44
FNDA:2,MockCompletionProvider::new
FNDA:1,<impl CompletionProviderTrait for MockCompletionProvider>::provide
FNDA:0,<impl CompletionProviderTrait for MockCompletionProvider>::resolve
FNDA:2,MockHoverProvider::new
FNDA:1,<impl HoverProviderTrait for MockHoverProvider>::provide
FNDA:2,MockDefinitionProvider::new
FNDA:1,<impl DefinitionProviderTrait for MockDefinitionProvider>::provide
FNDA:1,MockReferencesProvider::new
FNDA:0,<impl ReferencesProviderTrait for MockReferencesProvider>::provide
FNDA:3,MockRenameProvider::new
FNDA:1,<impl RenameProviderTrait for MockRenameProvider>::prepare
FNDA:1,<impl RenameProviderTrait for MockRenameProvider>::rename
FNDA:2,MockSymbolsProvider::new
FNDA:1,<impl SymbolsProviderTrait for MockSymbolsProvider>::provide
FNDA:3,MockFormattingProvider::new
FNDA:1,<impl FormattingProviderTrait for MockFormattingProvider>::format_document
FNDA:1,<impl FormattingProviderTrait for MockFormattingProvider>::format_range
FNDA:0,<impl FormattingProviderTrait for MockFormattingProvider>::format_on_type
FNDA:2,MockCodeActionsProvider::new
FNDA:1,<impl CodeActionsProviderTrait for MockCodeActionsProvider>::provide
FNDA:0,<impl CodeActionsProviderTrait for MockCodeActionsProvider>::resolve
FNDA:2,MockSignatureHelpProvider::new
FNDA:1,<impl SignatureHelpProviderTrait for MockSignatureHelpProvider>::provide
FNDA:2,MockInlayHintsProvider::new
FNDA:1,<impl InlayHintsProviderTrait for MockInlayHintsProvider>::provide
FNDA:0,<impl InlayHintsProviderTrait for MockInlayHintsProvider>::resolve
FNDA:2,MockSelectionRangeProvider::new
FNDA:1,<impl SelectionRangeProviderTrait for MockSelectionRangeProvider>::provide
FNDA:1,MockFoldingRangeProvider::new
FNDA:1,<impl FoldingRangeProviderTrait for MockFoldingRangeProvider>::provide
FNDA:4,MockSemanticTokensProvider::new
FNDA:1,<impl SemanticTokensProviderTrait for MockSemanticTokensProvider>::provide_full
FNDA:1,<impl SemanticTokensProviderTrait for MockSemanticTokensProvider>::provide_range
FNDA:1,<impl SemanticTokensProviderTrait for MockSemanticTokensProvider>::provide_full_delta
FNDA:2,MockDiagnosticsProvider::new
FNDA:1,<impl DiagnosticsProviderTrait for MockDiagnosticsProvider>::provide
FNDA:0,MockDocumentManager::new
FNDA:0,MockDocumentManager::add_document
FNDA:0,MockDocumentManager::get_text
FNDA:0,<impl DocumentManagerTrait for MockDocumentManager>::get
FNDA:0,<impl DocumentManagerTrait for MockDocumentManager>::symbol_index
FNDA:0,<impl DocumentManagerTrait for MockDocumentManager>::module_id_to_uri
FNDA:0,<impl DocumentManagerTrait for MockDocumentManager>::uri_to_module_id
FNDA:5,extract_word_at_position
DA:14,2
DA:15,2
DA:20,1
DA:21,2
DA:22,1
DA:24,2
DA:26,7
DA:28,2
DA:29,1
DA:30,3
DA:31,1
DA:32,1
DA:34,1
DA:35,3
DA:36,1
DA:37,1
DA:39,1
DA:40,3
DA:41,1
DA:42,1
DA:44,1
DA:45,3
DA:46,1
DA:47,1
DA:51,1
DA:53,15
DA:57,0
DA:58,0
DA:66,2
DA:67,2
DA:72,1
DA:73,2
DA:74,1
DA:76,2
DA:78,4
DA:80,2
DA:81,2
DA:82,0
DA:83,0
DA:84,0
DA:85,0
DA:86,0
DA:87,0
DA:90,2
DA:91,1
DA:92,2
DA:93,1
DA:95,1
DA:104,2
DA:105,2
DA:110,1
DA:117,3
DA:118,1
DA:123,1
DA:131,1
DA:132,1
DA:137,0
DA:144,0
DA:152,3
DA:153,3
DA:158,1
DA:159,1
DA:160,1
DA:161,1
DA:165,1
DA:172,1
DA:180,2
DA:181,2
DA:186,1
DA:187,1
DA:195,3
DA:196,3
DA:201,1
DA:202,1
DA:205,1
DA:211,4
DA:212,2
DA:213,6
DA:214,5
DA:215,1
DA:218,0
DA:225,0
DA:233,2
DA:234,2
DA:239,1
DA:246,1
DA:249,0
DA:250,0
DA:258,2
DA:259,2
DA:264,1
DA:265,1
DA:266,3
DA:267,4
DA:268,3
DA:269,2
DA:270,2
DA:272,1
DA:273,1
DA:282,2
DA:283,2
DA:288,1
DA:289,1
DA:292,0
DA:293,0
DA:301,2
DA:302,2
DA:307,1
DA:308,1
DA:310,1
DA:311,1
DA:312,1
DA:313,1
DA:315,1
DA:325,1
DA:326,1
DA:331,1
DA:332,2
DA:333,1
DA:334,2
DA:335,1
DA:336,2
DA:337,1
DA:338,1
DA:347,4
DA:348,4
DA:353,1
DA:354,1
DA:357,1
DA:358,1
DA:361,1
DA:366,1
DA:367,1
DA:368,1
DA:377,2
DA:378,2
DA:383,1
DA:384,1
DA:400,0
DA:402,0
DA:403,0
DA:407,0
DA:408,0
DA:411,0
DA:412,0
DA:417,0
DA:418,0
DA:421,0
DA:422,0
DA:425,0
DA:426,0
DA:429,0
DA:430,0
DA:434,5
DA:435,25
DA:436,10
DA:437,0
DA:440,10
DA:441,20
DA:442,3
DA:445,10
DA:446,87
DA:447,13
DA:450,20
LF:164
LH:132
end_of_record
TN:
SF:/Users/forge18/Repos/typedlua-lsp/src/traits/diagnostics.rs
FN:43,Diagnostic::new
FN:54,Diagnostic::error
FN:59,Diagnostic::warning
FN:64,Diagnostic::info
FN:69,Diagnostic::with_code
FN:75,Diagnostic::with_related
FNF:6
FNDA:42,Diagnostic::new
FNDA:10,Diagnostic::error
FNDA:2,Diagnostic::warning
FNDA:2,Diagnostic::info
FNDA:10,Diagnostic::with_code
FNDA:16,Diagnostic::with_related
DA:43,42
DA:49,42
DA:54,10
DA:55,40
DA:59,2
DA:60,8
DA:64,2
DA:65,8
DA:69,10
DA:70,20
DA:71,10
DA:75,16
DA:76,48
DA:77,16
LF:14
LH:14
end_of_record
TN:
SF:/Users/forge18/Repos/typedlua-lsp/src/traits/type_analysis.rs
FN:47,SymbolStore::visible_symbols
FN:111,Span::new
FN:121,Span::len
FN:126,Span::is_empty
FNF:4
FNDA:0,SymbolStore::visible_symbols
FNDA:44,Span::new
FNDA:8,Span::len
FNDA:4,Span::is_empty
DA:47,0
DA:48,0
DA:111,44
DA:121,8
DA:122,24
DA:126,4
DA:127,4
LF:7
LH:5
end_of_record
